{"meta": {"format": 3, "version": "7.9.2", "timestamp": "2026-02-22T17:08:03.071327", "branch_coverage": false, "show_contexts": false}, "files": {"lintgate/__init__.py": {"executed_lines": [1, 3], "summary": {"covered_lines": 1, "num_statements": 1, "percent_covered": 100.0, "percent_covered_display": "100", "missing_lines": 0, "excluded_lines": 0}, "missing_lines": [], "excluded_lines": [], "functions": {"": {"executed_lines": [1, 3], "summary": {"covered_lines": 1, "num_statements": 1, "percent_covered": 100.0, "percent_covered_display": "100", "missing_lines": 0, "excluded_lines": 0}, "missing_lines": [], "excluded_lines": []}}, "classes": {"": {"executed_lines": [1, 3], "summary": {"covered_lines": 1, "num_statements": 1, "percent_covered": 100.0, "percent_covered_display": "100", "missing_lines": 0, "excluded_lines": 0}, "missing_lines": [], "excluded_lines": []}}}, "lintgate/agent_reporter.py": {"executed_lines": [1, 16, 18, 19, 21, 25, 43, 44, 46, 48, 49, 50, 51, 52, 53, 54, 55, 56, 57, 59, 60, 63, 64, 69, 72, 74, 75, 76, 77, 80, 85, 86, 87, 93, 95, 96, 97, 99, 106, 108, 109, 111, 112, 113, 114, 115, 116, 117, 118, 119, 120, 123, 125, 126, 128, 129, 130, 131, 132, 133, 136, 138, 139, 140, 141, 144, 150, 151, 153, 155, 156, 157, 158, 159, 160, 162, 163, 166, 168, 169, 170, 175, 177, 178, 179, 180, 181, 183, 187, 188, 189, 190, 191, 192, 193, 199, 206, 207, 208, 209, 210, 212, 213, 214, 215, 216, 217, 218, 220, 221, 226, 227, 233, 236, 238, 239, 241, 242, 243, 244, 245, 246, 247, 251, 252, 258, 260, 263, 268], "summary": {"covered_lines": 128, "num_statements": 129, "percent_covered": 99.2248062015504, "percent_covered_display": "99", "missing_lines": 1, "excluded_lines": 0}, "missing_lines": [22], "excluded_lines": [], "functions": {"format_report": {"executed_lines": [43, 44, 46, 48, 49, 50, 51, 52, 53, 54, 55, 56, 57, 59, 60, 63, 64, 69], "summary": {"covered_lines": 18, "num_statements": 18, "percent_covered": 100.0, "percent_covered_display": "100", "missing_lines": 0, "excluded_lines": 0}, "missing_lines": [], "excluded_lines": []}, "_build_posttooluse_context": {"executed_lines": [74, 75, 76, 77, 80, 85, 86, 87], "summary": {"covered_lines": 8, "num_statements": 8, "percent_covered": 100.0, "percent_covered_display": "100", "missing_lines": 0, "excluded_lines": 0}, "missing_lines": [], "excluded_lines": []}, "_add_header": {"executed_lines": [95, 96, 97, 99], "summary": {"covered_lines": 4, "num_statements": 4, "percent_covered": 100.0, "percent_covered_display": "100", "missing_lines": 0, "excluded_lines": 0}, "missing_lines": [], "excluded_lines": []}, "_add_blocking_section": {"executed_lines": [108, 109, 111, 112, 113, 114, 115, 116, 117, 118, 119, 120], "summary": {"covered_lines": 12, "num_statements": 12, "percent_covered": 100.0, "percent_covered_display": "100", "missing_lines": 0, "excluded_lines": 0}, "missing_lines": [], "excluded_lines": []}, "_add_warnings_section": {"executed_lines": [125, 126, 128, 129, 130, 131, 132, 133], "summary": {"covered_lines": 8, "num_statements": 8, "percent_covered": 100.0, "percent_covered_display": "100", "missing_lines": 0, "excluded_lines": 0}, "missing_lines": [], "excluded_lines": []}, "_add_info_section": {"executed_lines": [138, 139, 140, 141], "summary": {"covered_lines": 4, "num_statements": 4, "percent_covered": 100.0, "percent_covered_display": "100", "missing_lines": 0, "excluded_lines": 0}, "missing_lines": [], "excluded_lines": []}, "_add_delta_section": {"executed_lines": [150, 151, 153, 155, 156, 157, 158, 159, 160, 162, 163], "summary": {"covered_lines": 11, "num_statements": 11, "percent_covered": 100.0, "percent_covered_display": "100", "missing_lines": 0, "excluded_lines": 0}, "missing_lines": [], "excluded_lines": []}, "_add_fixable_section": {"executed_lines": [168, 169, 170], "summary": {"covered_lines": 3, "num_statements": 3, "percent_covered": 100.0, "percent_covered_display": "100", "missing_lines": 0, "excluded_lines": 0}, "missing_lines": [], "excluded_lines": []}, "_add_recurrence_section": {"executed_lines": [177, 178, 179, 180, 181, 183, 187, 188, 189, 190, 191, 192, 193], "summary": {"covered_lines": 13, "num_statements": 13, "percent_covered": 100.0, "percent_covered_display": "100", "missing_lines": 0, "excluded_lines": 0}, "missing_lines": [], "excluded_lines": []}, "_add_pattern_alert_section": {"executed_lines": [206, 207, 208, 209, 210, 212, 213, 214, 215, 216, 217, 218, 220, 221, 226, 227], "summary": {"covered_lines": 16, "num_statements": 16, "percent_covered": 100.0, "percent_covered_display": "100", "missing_lines": 0, "excluded_lines": 0}, "missing_lines": [], "excluded_lines": []}, "_add_linter_status_section": {"executed_lines": [238, 239, 241, 242, 243, 244, 245, 246, 247, 251, 252], "summary": {"covered_lines": 11, "num_statements": 11, "percent_covered": 100.0, "percent_covered_display": "100", "missing_lines": 0, "excluded_lines": 0}, "missing_lines": [], "excluded_lines": []}, "_short_path": {"executed_lines": [260], "summary": {"covered_lines": 1, "num_statements": 1, "percent_covered": 100.0, "percent_covered_display": "100", "missing_lines": 0, "excluded_lines": 0}, "missing_lines": [], "excluded_lines": []}, "_compute_delta": {"executed_lines": [268], "summary": {"covered_lines": 1, "num_statements": 1, "percent_covered": 100.0, "percent_covered_display": "100", "missing_lines": 0, "excluded_lines": 0}, "missing_lines": [], "excluded_lines": []}, "": {"executed_lines": [1, 16, 18, 19, 21, 25, 72, 93, 106, 123, 136, 144, 166, 175, 199, 233, 236, 258, 263], "summary": {"covered_lines": 18, "num_statements": 19, "percent_covered": 94.73684210526316, "percent_covered_display": "95", "missing_lines": 1, "excluded_lines": 0}, "missing_lines": [22], "excluded_lines": []}}, "classes": {"": {"executed_lines": [1, 16, 18, 19, 21, 25, 43, 44, 46, 48, 49, 50, 51, 52, 53, 54, 55, 56, 57, 59, 60, 63, 64, 69, 72, 74, 75, 76, 77, 80, 85, 86, 87, 93, 95, 96, 97, 99, 106, 108, 109, 111, 112, 113, 114, 115, 116, 117, 118, 119, 120, 123, 125, 126, 128, 129, 130, 131, 132, 133, 136, 138, 139, 140, 141, 144, 150, 151, 153, 155, 156, 157, 158, 159, 160, 162, 163, 166, 168, 169, 170, 175, 177, 178, 179, 180, 181, 183, 187, 188, 189, 190, 191, 192, 193, 199, 206, 207, 208, 209, 210, 212, 213, 214, 215, 216, 217, 218, 220, 221, 226, 227, 233, 236, 238, 239, 241, 242, 243, 244, 245, 246, 247, 251, 252, 258, 260, 263, 268], "summary": {"covered_lines": 128, "num_statements": 129, "percent_covered": 99.2248062015504, "percent_covered_display": "99", "missing_lines": 1, "excluded_lines": 0}, "missing_lines": [22], "excluded_lines": []}}}, "lintgate/axis_extractor.py": {"executed_lines": [1, 12, 14, 15, 17, 24, 25, 33, 85, 94, 96, 97, 98, 101, 108, 109, 110, 111, 113, 117, 118, 125, 141, 142, 144, 147, 150, 152, 155, 168, 170, 171, 172, 173, 174, 186, 188, 195, 198, 223, 224, 226, 228, 231, 232, 233, 235, 247, 252, 253, 254, 257, 262, 263, 264, 265, 266, 267, 278, 281, 290, 291, 293, 294, 295, 296, 297, 298, 301, 309, 310, 311, 312, 313, 314, 315, 317, 318, 319], "summary": {"covered_lines": 78, "num_statements": 80, "percent_covered": 97.5, "percent_covered_display": "98", "missing_lines": 2, "excluded_lines": 0}, "missing_lines": [119, 180], "excluded_lines": [], "functions": {"_heading_matches_axis": {"executed_lines": [96, 97, 98], "summary": {"covered_lines": 3, "num_statements": 3, "percent_covered": 100.0, "percent_covered_display": "100", "missing_lines": 0, "excluded_lines": 0}, "missing_lines": [], "excluded_lines": []}, "_apply_heading_depth_boost": {"executed_lines": [108, 109, 110, 111, 113, 117, 118], "summary": {"covered_lines": 7, "num_statements": 8, "percent_covered": 87.5, "percent_covered_display": "88", "missing_lines": 1, "excluded_lines": 0}, "missing_lines": [119], "excluded_lines": []}, "extract_compass": {"executed_lines": [141, 142, 144, 147, 150, 152], "summary": {"covered_lines": 6, "num_statements": 6, "percent_covered": 100.0, "percent_covered_display": "100", "missing_lines": 0, "excluded_lines": 0}, "missing_lines": [], "excluded_lines": []}, "build_compass_pack": {"executed_lines": [168, 170, 171, 172, 173, 174, 186, 188, 195], "summary": {"covered_lines": 9, "num_statements": 10, "percent_covered": 90.0, "percent_covered_display": "90", "missing_lines": 1, "excluded_lines": 0}, "missing_lines": [180], "excluded_lines": []}, "query_compass": {"executed_lines": [223, 224, 226, 228, 231, 232, 233, 235], "summary": {"covered_lines": 8, "num_statements": 8, "percent_covered": 100.0, "percent_covered_display": "100", "missing_lines": 0, "excluded_lines": 0}, "missing_lines": [], "excluded_lines": []}, "_resolve_axes_to_search": {"executed_lines": [252, 253, 254], "summary": {"covered_lines": 3, "num_statements": 3, "percent_covered": 100.0, "percent_covered_display": "100", "missing_lines": 0, "excluded_lines": 0}, "missing_lines": [], "excluded_lines": []}, "_collect_matching_claims": {"executed_lines": [262, 263, 264, 265, 266, 267, 278], "summary": {"covered_lines": 7, "num_statements": 7, "percent_covered": 100.0, "percent_covered_display": "100", "missing_lines": 0, "excluded_lines": 0}, "missing_lines": [], "excluded_lines": []}, "_score_claim_relevance": {"executed_lines": [290, 291, 293, 294, 295, 296, 297, 298], "summary": {"covered_lines": 8, "num_statements": 8, "percent_covered": 100.0, "percent_covered_display": "100", "missing_lines": 0, "excluded_lines": 0}, "missing_lines": [], "excluded_lines": []}, "_estimate_pack_tokens": {"executed_lines": [309, 310, 311, 312, 313, 314, 315, 317, 318, 319], "summary": {"covered_lines": 10, "num_statements": 10, "percent_covered": 100.0, "percent_covered_display": "100", "missing_lines": 0, "excluded_lines": 0}, "missing_lines": [], "excluded_lines": []}, "": {"executed_lines": [1, 12, 14, 15, 17, 24, 25, 33, 85, 94, 101, 125, 155, 198, 247, 257, 281, 301], "summary": {"covered_lines": 17, "num_statements": 17, "percent_covered": 100.0, "percent_covered_display": "100", "missing_lines": 0, "excluded_lines": 0}, "missing_lines": [], "excluded_lines": []}}, "classes": {"": {"executed_lines": [1, 12, 14, 15, 17, 24, 25, 33, 85, 94, 96, 97, 98, 101, 108, 109, 110, 111, 113, 117, 118, 125, 141, 142, 144, 147, 150, 152, 155, 168, 170, 171, 172, 173, 174, 186, 188, 195, 198, 223, 224, 226, 228, 231, 232, 233, 235, 247, 252, 253, 254, 257, 262, 263, 264, 265, 266, 267, 278, 281, 290, 291, 293, 294, 295, 296, 297, 298, 301, 309, 310, 311, 312, 313, 314, 315, 317, 318, 319], "summary": {"covered_lines": 78, "num_statements": 80, "percent_covered": 97.5, "percent_covered_display": "98", "missing_lines": 2, "excluded_lines": 0}, "missing_lines": [119, 180], "excluded_lines": []}}}, "lintgate/bootstrap_defaults.py": {"executed_lines": [1, 13, 22, 67], "summary": {"covered_lines": 3, "num_statements": 3, "percent_covered": 100.0, "percent_covered_display": "100", "missing_lines": 0, "excluded_lines": 0}, "missing_lines": [], "excluded_lines": [], "functions": {"": {"executed_lines": [1, 13, 22, 67], "summary": {"covered_lines": 3, "num_statements": 3, "percent_covered": 100.0, "percent_covered_display": "100", "missing_lines": 0, "excluded_lines": 0}, "missing_lines": [], "excluded_lines": []}}, "classes": {"": {"executed_lines": [1, 13, 22, 67], "summary": {"covered_lines": 3, "num_statements": 3, "percent_covered": 100.0, "percent_covered_display": "100", "missing_lines": 0, "excluded_lines": 0}, "missing_lines": [], "excluded_lines": []}}}, "lintgate/change_classifier.py": {"executed_lines": [1, 11, 13, 14, 15, 16, 18, 22, 23, 24, 41, 60, 70, 85, 98, 127, 128, 129, 132, 151, 152, 155, 157, 158, 161, 164, 167, 170, 171, 172, 177, 180, 182, 199, 204, 205, 206, 209, 215, 221, 224, 225, 226, 227, 228, 229, 231, 234, 237, 238, 242, 243, 248, 251, 253, 255, 257, 258, 265, 267, 268, 269, 270, 271, 272, 278, 279, 280, 283, 284, 285, 288, 289, 292, 293, 296, 298, 299, 300, 301, 302, 303, 306, 308, 309, 310, 313, 315, 316, 317, 318, 321, 322, 326, 328, 329, 330, 332, 333, 335, 341, 344, 345, 346, 347, 348, 349, 350, 351, 370, 371, 372, 373, 374, 377, 382, 385, 388, 389, 391, 392, 393, 395, 409, 418, 422, 423, 426, 427, 430, 431, 434, 438, 442, 446, 452, 460, 464, 465, 468, 469, 470, 474, 475, 478, 481, 483, 486, 488], "summary": {"covered_lines": 148, "num_statements": 171, "percent_covered": 86.54970760233918, "percent_covered_display": "87", "missing_lines": 23, "excluded_lines": 0}, "missing_lines": [246, 254, 256, 259, 323, 324, 352, 353, 354, 355, 356, 359, 362, 363, 364, 365, 367, 419, 435, 439, 443, 461, 471], "excluded_lines": [], "functions": {"classify_change": {"executed_lines": [151, 152, 155, 157, 158, 161, 164, 167, 170, 171, 172, 177, 180, 182], "summary": {"covered_lines": 14, "num_statements": 14, "percent_covered": 100.0, "percent_covered_display": "100", "missing_lines": 0, "excluded_lines": 0}, "missing_lines": [], "excluded_lines": []}, "_classify_no_file_change": {"executed_lines": [204, 205, 206, 209, 215], "summary": {"covered_lines": 5, "num_statements": 5, "percent_covered": 100.0, "percent_covered_display": "100", "missing_lines": 0, "excluded_lines": 0}, "missing_lines": [], "excluded_lines": []}, "_extract_changed_files": {"executed_lines": [224, 225, 226, 227, 228, 229, 231, 234, 237, 238, 242, 243, 248], "summary": {"covered_lines": 13, "num_statements": 14, "percent_covered": 92.85714285714286, "percent_covered_display": "93", "missing_lines": 1, "excluded_lines": 0}, "missing_lines": [246], "excluded_lines": []}, "_resolve_path": {"executed_lines": [253, 255, 257, 258], "summary": {"covered_lines": 4, "num_statements": 7, "percent_covered": 57.142857142857146, "percent_covered_display": "57", "missing_lines": 3, "excluded_lines": 0}, "missing_lines": [254, 256, 259], "excluded_lines": []}, "_group_by_language": {"executed_lines": [267, 268, 269, 270, 271, 272], "summary": {"covered_lines": 6, "num_statements": 6, "percent_covered": 100.0, "percent_covered_display": "100", "missing_lines": 0, "excluded_lines": 0}, "missing_lines": [], "excluded_lines": []}, "_is_docs_file": {"executed_lines": [279, 280], "summary": {"covered_lines": 2, "num_statements": 2, "percent_covered": 100.0, "percent_covered_display": "100", "missing_lines": 0, "excluded_lines": 0}, "missing_lines": [], "excluded_lines": []}, "_is_config_file": {"executed_lines": [284, 285], "summary": {"covered_lines": 2, "num_statements": 2, "percent_covered": 100.0, "percent_covered_display": "100", "missing_lines": 0, "excluded_lines": 0}, "missing_lines": [], "excluded_lines": []}, "_is_dependency_file": {"executed_lines": [289], "summary": {"covered_lines": 1, "num_statements": 1, "percent_covered": 100.0, "percent_covered_display": "100", "missing_lines": 0, "excluded_lines": 0}, "missing_lines": [], "excluded_lines": []}, "_is_test_file": {"executed_lines": [293], "summary": {"covered_lines": 1, "num_statements": 1, "percent_covered": 100.0, "percent_covered_display": "100", "missing_lines": 0, "excluded_lines": 0}, "missing_lines": [], "excluded_lines": []}, "_is_readonly_bash": {"executed_lines": [298, 299, 300, 301, 302, 303], "summary": {"covered_lines": 6, "num_statements": 6, "percent_covered": 100.0, "percent_covered_display": "100", "missing_lines": 0, "excluded_lines": 0}, "missing_lines": [], "excluded_lines": []}, "_is_build_command": {"executed_lines": [308, 309, 310], "summary": {"covered_lines": 3, "num_statements": 3, "percent_covered": 100.0, "percent_covered_display": "100", "missing_lines": 0, "excluded_lines": 0}, "missing_lines": [], "excluded_lines": []}, "_matches_pipeline_path": {"executed_lines": [315, 316, 317, 318, 321, 322, 326, 328, 329, 330, 332, 333, 335], "summary": {"covered_lines": 13, "num_statements": 15, "percent_covered": 86.66666666666667, "percent_covered_display": "87", "missing_lines": 2, "excluded_lines": 0}, "missing_lines": [323, 324], "excluded_lines": []}, "_analyze_diff": {"executed_lines": [344, 345, 346, 347, 348, 349, 350, 351, 370, 371, 372, 373, 374, 377, 382, 385, 388, 389, 391, 392, 393, 395], "summary": {"covered_lines": 22, "num_statements": 33, "percent_covered": 66.66666666666667, "percent_covered_display": "67", "missing_lines": 11, "excluded_lines": 0}, "missing_lines": [352, 353, 354, 355, 356, 359, 362, 363, 364, 365, 367], "excluded_lines": []}, "_classify_change_kind": {"executed_lines": [418, 422, 423, 426, 427, 430, 431, 434, 438, 442, 446], "summary": {"covered_lines": 11, "num_statements": 15, "percent_covered": 73.33333333333333, "percent_covered_display": "73", "missing_lines": 4, "excluded_lines": 0}, "missing_lines": [419, 435, 439, 443], "excluded_lines": []}, "_classify_risk": {"executed_lines": [460, 464, 465, 468, 469, 470, 474, 475, 478], "summary": {"covered_lines": 9, "num_statements": 11, "percent_covered": 81.81818181818181, "percent_covered_display": "82", "missing_lines": 2, "excluded_lines": 0}, "missing_lines": [461, 471], "excluded_lines": []}, "_as_dict": {"executed_lines": [483], "summary": {"covered_lines": 1, "num_statements": 1, "percent_covered": 100.0, "percent_covered_display": "100", "missing_lines": 0, "excluded_lines": 0}, "missing_lines": [], "excluded_lines": []}, "_as_text": {"executed_lines": [488], "summary": {"covered_lines": 1, "num_statements": 1, "percent_covered": 100.0, "percent_covered_display": "100", "missing_lines": 0, "excluded_lines": 0}, "missing_lines": [], "excluded_lines": []}, "": {"executed_lines": [1, 11, 13, 14, 15, 16, 18, 22, 23, 24, 41, 60, 70, 85, 98, 127, 128, 129, 132, 199, 221, 251, 265, 278, 283, 288, 292, 296, 306, 313, 341, 409, 452, 481, 486], "summary": {"covered_lines": 34, "num_statements": 34, "percent_covered": 100.0, "percent_covered_display": "100", "missing_lines": 0, "excluded_lines": 0}, "missing_lines": [], "excluded_lines": []}}, "classes": {"": {"executed_lines": [1, 11, 13, 14, 15, 16, 18, 22, 23, 24, 41, 60, 70, 85, 98, 127, 128, 129, 132, 151, 152, 155, 157, 158, 161, 164, 167, 170, 171, 172, 177, 180, 182, 199, 204, 205, 206, 209, 215, 221, 224, 225, 226, 227, 228, 229, 231, 234, 237, 238, 242, 243, 248, 251, 253, 255, 257, 258, 265, 267, 268, 269, 270, 271, 272, 278, 279, 280, 283, 284, 285, 288, 289, 292, 293, 296, 298, 299, 300, 301, 302, 303, 306, 308, 309, 310, 313, 315, 316, 317, 318, 321, 322, 326, 328, 329, 330, 332, 333, 335, 341, 344, 345, 346, 347, 348, 349, 350, 351, 370, 371, 372, 373, 374, 377, 382, 385, 388, 389, 391, 392, 393, 395, 409, 418, 422, 423, 426, 427, 430, 431, 434, 438, 442, 446, 452, 460, 464, 465, 468, 469, 470, 474, 475, 478, 481, 483, 486, 488], "summary": {"covered_lines": 148, "num_statements": 171, "percent_covered": 86.54970760233918, "percent_covered_display": "87", "missing_lines": 23, "excluded_lines": 0}, "missing_lines": [246, 254, 256, 259, 323, 324, 352, 353, 354, 355, 356, 359, 362, 363, 364, 365, 367, 419, 435, 439, 443, 461, 471], "excluded_lines": []}}}, "lintgate/channels/__init__.py": {"executed_lines": [1, 3], "summary": {"covered_lines": 1, "num_statements": 1, "percent_covered": 100.0, "percent_covered_display": "100", "missing_lines": 0, "excluded_lines": 0}, "missing_lines": [], "excluded_lines": [], "functions": {"": {"executed_lines": [1, 3], "summary": {"covered_lines": 1, "num_statements": 1, "percent_covered": 100.0, "percent_covered_display": "100", "missing_lines": 0, "excluded_lines": 0}, "missing_lines": [], "excluded_lines": []}}, "classes": {"": {"executed_lines": [1, 3], "summary": {"covered_lines": 1, "num_statements": 1, "percent_covered": 100.0, "percent_covered_display": "100", "missing_lines": 0, "excluded_lines": 0}, "missing_lines": [], "excluded_lines": []}}}, "lintgate/channels/behavior_channel.py": {"executed_lines": [1, 30, 32, 33, 35, 39, 45, 59, 64, 67, 71, 77, 88, 89, 90, 91, 92, 93, 94, 95, 96, 97, 98, 101, 104, 105, 107, 110, 111, 113, 116, 127, 128, 144, 152, 153, 154, 157, 158, 159, 160, 162, 163, 164, 167, 178, 180, 182, 183, 184, 185, 187, 189, 230, 231, 237, 238, 239, 241, 243, 244, 245, 247, 249, 251, 253, 257, 258, 266, 267, 268, 269, 270, 271, 272, 273, 274, 276, 278, 279, 282, 283, 284, 285, 288, 290], "summary": {"covered_lines": 84, "num_statements": 98, "percent_covered": 85.71428571428571, "percent_covered_display": "86", "missing_lines": 14, "excluded_lines": 0}, "missing_lines": [72, 99, 102, 130, 132, 133, 134, 136, 137, 138, 139, 140, 141, 286], "excluded_lines": [], "functions": {"_load_execute_config": {"executed_lines": [88, 89, 90, 91, 92, 93, 94, 95, 96, 97, 98, 101, 104, 105, 107, 110, 111, 113], "summary": {"covered_lines": 18, "num_statements": 20, "percent_covered": 90.0, "percent_covered_display": "90", "missing_lines": 2, "excluded_lines": 0}, "missing_lines": [99, 102], "excluded_lines": []}, "_apply_prediction_modulation": {"executed_lines": [127, 128], "summary": {"covered_lines": 2, "num_statements": 12, "percent_covered": 16.666666666666668, "percent_covered_display": "17", "missing_lines": 10, "excluded_lines": 0}, "missing_lines": [130, 132, 133, 134, 136, 137, 138, 139, 140, 141], "excluded_lines": []}, "_compute_nudge_outcomes": {"executed_lines": [152, 153, 154, 157, 158, 159, 160, 162, 163, 164], "summary": {"covered_lines": 10, "num_statements": 10, "percent_covered": 100.0, "percent_covered_display": "100", "missing_lines": 0, "excluded_lines": 0}, "missing_lines": [], "excluded_lines": []}, "_build_channel_result": {"executed_lines": [178, 180, 182, 183, 184, 185, 187, 189], "summary": {"covered_lines": 8, "num_statements": 8, "percent_covered": 100.0, "percent_covered_display": "100", "missing_lines": 0, "excluded_lines": 0}, "missing_lines": [], "excluded_lines": []}, "BehaviorChannel.should_run": {"executed_lines": [243, 244, 245], "summary": {"covered_lines": 3, "num_statements": 3, "percent_covered": 100.0, "percent_covered_display": "100", "missing_lines": 0, "excluded_lines": 0}, "missing_lines": [], "excluded_lines": []}, "BehaviorChannel.execute": {"executed_lines": [249, 251, 253, 257, 258, 266, 267, 268, 269, 270, 271, 272, 273, 274, 276, 278, 279, 282, 283, 284, 285, 288, 290], "summary": {"covered_lines": 23, "num_statements": 24, "percent_covered": 95.83333333333333, "percent_covered_display": "96", "missing_lines": 1, "excluded_lines": 0}, "missing_lines": [286], "excluded_lines": []}, "": {"executed_lines": [1, 30, 32, 33, 35, 39, 45, 59, 64, 67, 71, 77, 116, 144, 167, 230, 231, 237, 238, 239, 241, 247], "summary": {"covered_lines": 20, "num_statements": 21, "percent_covered": 95.23809523809524, "percent_covered_display": "95", "missing_lines": 1, "excluded_lines": 0}, "missing_lines": [72], "excluded_lines": []}}, "classes": {"BehaviorChannel": {"executed_lines": [243, 244, 245, 249, 251, 253, 257, 258, 266, 267, 268, 269, 270, 271, 272, 273, 274, 276, 278, 279, 282, 283, 284, 285, 288, 290], "summary": {"covered_lines": 26, "num_statements": 27, "percent_covered": 96.29629629629629, "percent_covered_display": "96", "missing_lines": 1, "excluded_lines": 0}, "missing_lines": [286], "excluded_lines": []}, "": {"executed_lines": [1, 30, 32, 33, 35, 39, 45, 59, 64, 67, 71, 77, 88, 89, 90, 91, 92, 93, 94, 95, 96, 97, 98, 101, 104, 105, 107, 110, 111, 113, 116, 127, 128, 144, 152, 153, 154, 157, 158, 159, 160, 162, 163, 164, 167, 178, 180, 182, 183, 184, 185, 187, 189, 230, 231, 237, 238, 239, 241, 247], "summary": {"covered_lines": 58, "num_statements": 71, "percent_covered": 81.69014084507042, "percent_covered_display": "82", "missing_lines": 13, "excluded_lines": 0}, "missing_lines": [72, 99, 102, 130, 132, 133, 134, 136, 137, 138, 139, 140, 141], "excluded_lines": []}}}, "lintgate/channels/behavior_detection.py": {"executed_lines": [1, 21, 23, 24, 26, 27, 29, 37, 44, 45, 47, 48, 50, 51, 53, 57, 58, 59, 61, 82, 89, 90, 92, 93, 94, 95, 98, 99, 101, 102, 103, 106, 107, 110, 113, 119, 120, 121, 122, 123, 125, 126, 127, 128, 129, 131, 132, 151, 152, 155, 162, 163, 164, 166, 167, 168, 170, 171, 172, 173, 174, 175, 194, 197, 204, 205, 206, 207, 208, 209, 210, 229, 232, 239, 240, 241, 242, 244, 245, 266, 273, 274, 276, 277, 278, 279, 281, 282, 283, 284, 287, 288, 290, 291, 292, 293, 297, 315, 322, 323, 324, 327, 332, 333, 334, 335, 336, 338, 358, 361, 362, 363, 364, 381, 388, 389, 391, 392, 394, 395, 397, 398, 399, 401, 402, 403, 405, 406, 407, 422, 425, 432, 433, 434, 436, 437, 438, 439, 440, 441, 443, 445, 446, 455, 462, 464, 465, 466, 467, 469, 471, 472, 473, 475, 476, 477, 478, 479, 481, 502, 509, 510, 511, 513, 514, 515, 516, 517, 518, 519, 520, 525, 526, 527, 528, 530], "summary": {"covered_lines": 175, "num_statements": 179, "percent_covered": 97.76536312849161, "percent_covered_display": "98", "missing_lines": 4, "excluded_lines": 0}, "missing_lines": [285, 400, 522, 523], "excluded_lines": [], "functions": {"detect_approach_cycling": {"executed_lines": [44, 45, 47, 48, 50, 51, 53, 57, 58, 59, 61], "summary": {"covered_lines": 11, "num_statements": 11, "percent_covered": 100.0, "percent_covered_display": "100", "missing_lines": 0, "excluded_lines": 0}, "missing_lines": [], "excluded_lines": []}, "detect_failure_amnesia": {"executed_lines": [89, 90, 92, 93, 94, 95, 98, 99, 101, 102, 103, 106, 107, 110], "summary": {"covered_lines": 14, "num_statements": 14, "percent_covered": 100.0, "percent_covered_display": "100", "missing_lines": 0, "excluded_lines": 0}, "missing_lines": [], "excluded_lines": []}, "_detect_amnesia_from_action_history": {"executed_lines": [119, 120, 121, 122, 123, 125, 126, 127, 128, 129, 131, 132, 151, 152], "summary": {"covered_lines": 14, "num_statements": 14, "percent_covered": 100.0, "percent_covered_display": "100", "missing_lines": 0, "excluded_lines": 0}, "missing_lines": [], "excluded_lines": []}, "_detect_amnesia_from_error_memory": {"executed_lines": [162, 163, 164, 166, 167, 168, 170, 171, 172, 173, 174, 175, 194], "summary": {"covered_lines": 13, "num_statements": 13, "percent_covered": 100.0, "percent_covered_display": "100", "missing_lines": 0, "excluded_lines": 0}, "missing_lines": [], "excluded_lines": []}, "_detect_amnesia_from_hypotheses": {"executed_lines": [204, 205, 206, 207, 208, 209, 210, 229], "summary": {"covered_lines": 8, "num_statements": 8, "percent_covered": 100.0, "percent_covered_display": "100", "missing_lines": 0, "excluded_lines": 0}, "missing_lines": [], "excluded_lines": []}, "detect_brute_force_escalation": {"executed_lines": [239, 240, 241, 242, 244, 245], "summary": {"covered_lines": 6, "num_statements": 6, "percent_covered": 100.0, "percent_covered_display": "100", "missing_lines": 0, "excluded_lines": 0}, "missing_lines": [], "excluded_lines": []}, "detect_premature_action": {"executed_lines": [273, 274, 276, 277, 278, 279, 281, 282, 283, 284, 287, 288, 290, 291, 292, 293, 297], "summary": {"covered_lines": 17, "num_statements": 18, "percent_covered": 94.44444444444444, "percent_covered_display": "94", "missing_lines": 1, "excluded_lines": 0}, "missing_lines": [285], "excluded_lines": []}, "detect_serial_discovery": {"executed_lines": [322, 323, 324, 327, 332, 333, 334, 335, 336, 338, 358, 361, 362, 363, 364], "summary": {"covered_lines": 15, "num_statements": 15, "percent_covered": 100.0, "percent_covered_display": "100", "missing_lines": 0, "excluded_lines": 0}, "missing_lines": [], "excluded_lines": []}, "detect_tool_repetition": {"executed_lines": [388, 389, 391, 392, 394, 395, 397, 398, 399, 401, 402, 403, 405, 406, 407, 422], "summary": {"covered_lines": 16, "num_statements": 17, "percent_covered": 94.11764705882354, "percent_covered_display": "94", "missing_lines": 1, "excluded_lines": 0}, "missing_lines": [400], "excluded_lines": []}, "detect_consecutive_failures": {"executed_lines": [432, 433, 434, 436, 437, 438, 439, 440, 441, 443, 445, 446], "summary": {"covered_lines": 12, "num_statements": 12, "percent_covered": 100.0, "percent_covered_display": "100", "missing_lines": 0, "excluded_lines": 0}, "missing_lines": [], "excluded_lines": []}, "detect_verification_debt": {"executed_lines": [462, 464, 465, 466, 467, 469, 471, 472, 473, 475, 476, 477, 478, 479, 481], "summary": {"covered_lines": 15, "num_statements": 15, "percent_covered": 100.0, "percent_covered_display": "100", "missing_lines": 0, "excluded_lines": 0}, "missing_lines": [], "excluded_lines": []}, "detect_stale_model": {"executed_lines": [509, 510, 511, 513, 514, 515, 516, 517, 518, 519, 520, 525, 526, 527, 528, 530], "summary": {"covered_lines": 16, "num_statements": 18, "percent_covered": 88.88888888888889, "percent_covered_display": "89", "missing_lines": 2, "excluded_lines": 0}, "missing_lines": [522, 523], "excluded_lines": []}, "": {"executed_lines": [1, 21, 23, 24, 26, 27, 29, 37, 82, 113, 155, 197, 232, 266, 315, 381, 425, 455, 502], "summary": {"covered_lines": 18, "num_statements": 18, "percent_covered": 100.0, "percent_covered_display": "100", "missing_lines": 0, "excluded_lines": 0}, "missing_lines": [], "excluded_lines": []}}, "classes": {"": {"executed_lines": [1, 21, 23, 24, 26, 27, 29, 37, 44, 45, 47, 48, 50, 51, 53, 57, 58, 59, 61, 82, 89, 90, 92, 93, 94, 95, 98, 99, 101, 102, 103, 106, 107, 110, 113, 119, 120, 121, 122, 123, 125, 126, 127, 128, 129, 131, 132, 151, 152, 155, 162, 163, 164, 166, 167, 168, 170, 171, 172, 173, 174, 175, 194, 197, 204, 205, 206, 207, 208, 209, 210, 229, 232, 239, 240, 241, 242, 244, 245, 266, 273, 274, 276, 277, 278, 279, 281, 282, 283, 284, 287, 288, 290, 291, 292, 293, 297, 315, 322, 323, 324, 327, 332, 333, 334, 335, 336, 338, 358, 361, 362, 363, 364, 381, 388, 389, 391, 392, 394, 395, 397, 398, 399, 401, 402, 403, 405, 406, 407, 422, 425, 432, 433, 434, 436, 437, 438, 439, 440, 441, 443, 445, 446, 455, 462, 464, 465, 466, 467, 469, 471, 472, 473, 475, 476, 477, 478, 479, 481, 502, 509, 510, 511, 513, 514, 515, 516, 517, 518, 519, 520, 525, 526, 527, 528, 530], "summary": {"covered_lines": 175, "num_statements": 179, "percent_covered": 97.76536312849161, "percent_covered_display": "98", "missing_lines": 4, "excluded_lines": 0}, "missing_lines": [285, 400, 522, 523], "excluded_lines": []}}}, "lintgate/channels/behavior_scoring.py": {"executed_lines": [1, 10, 12, 13, 15, 26, 65, 68, 79, 80, 82, 84, 85, 86, 89, 90, 91, 97, 99, 100, 103, 104, 105, 106, 107, 108, 109, 112, 113, 114, 115, 116, 117, 118, 120, 121, 123, 126, 127, 129, 130, 131, 133, 138, 141, 142, 149, 155, 156, 157, 160, 161, 162, 164, 171, 176, 177, 178, 179, 180, 182, 184, 185, 186, 187, 189, 191, 192, 193, 195, 196, 197, 198, 200, 202, 203, 204, 205, 206, 207, 209, 211, 212, 213, 214, 216, 217, 218, 219, 221, 222, 223, 224, 225, 226, 227, 230, 231, 232, 233, 235, 237, 238, 239, 244, 245, 248, 249, 250, 252, 254, 255, 256, 258, 259, 260, 261, 262, 263, 264, 265, 267, 268, 270, 271, 272, 273, 274, 275, 277, 279, 283, 284, 285, 288, 294, 295, 297, 307, 314, 315, 316, 317, 318, 319, 320, 321, 322, 323, 324, 326, 327, 328, 329, 330, 331, 333, 334, 335, 338, 340, 347, 348, 349, 352, 353, 354, 355, 356, 358, 361, 362, 363, 364, 365, 366, 367, 369, 371, 373, 374, 375, 376, 377, 378, 380, 381, 382, 383, 384, 385, 386, 387, 388, 390, 391, 392, 393, 398, 399, 417, 418, 419, 422, 423, 430, 432, 433, 434, 435, 437, 438, 440, 443, 444, 446, 447, 450, 452, 453, 454, 455, 456, 457, 458, 459, 460, 461, 462], "summary": {"covered_lines": 226, "num_statements": 230, "percent_covered": 98.26086956521739, "percent_covered_display": "98", "missing_lines": 4, "excluded_lines": 0}, "missing_lines": [16, 19, 119, 124], "excluded_lines": [], "functions": {"_ground_finding_in_theory": {"executed_lines": [79, 80, 82, 84, 85, 86, 89, 90, 91, 97, 99, 100, 103, 104, 105, 106, 107, 108, 109, 112, 113, 114, 115, 116, 117, 118, 120, 121, 123, 126, 127, 129, 130, 131, 133], "summary": {"covered_lines": 35, "num_statements": 37, "percent_covered": 94.5945945945946, "percent_covered_display": "95", "missing_lines": 2, "excluded_lines": 0}, "missing_lines": [119, 124], "excluded_lines": []}, "IntentBiasScorer.__init__": {"executed_lines": [155, 156, 157, 160, 161, 162, 164, 171, 176, 177, 178, 179, 180], "summary": {"covered_lines": 13, "num_statements": 13, "percent_covered": 100.0, "percent_covered_display": "100", "missing_lines": 0, "excluded_lines": 0}, "missing_lines": [], "excluded_lines": []}, "IntentBiasScorer._effective_bias_weight": {"executed_lines": [184, 185, 186, 187], "summary": {"covered_lines": 4, "num_statements": 4, "percent_covered": 100.0, "percent_covered_display": "100", "missing_lines": 0, "excluded_lines": 0}, "missing_lines": [], "excluded_lines": []}, "IntentBiasScorer.verification_debt_bias": {"executed_lines": [191, 192, 193, 195, 196, 197, 198, 200, 202, 203, 204, 205, 206, 207], "summary": {"covered_lines": 14, "num_statements": 14, "percent_covered": 100.0, "percent_covered_display": "100", "missing_lines": 0, "excluded_lines": 0}, "missing_lines": [], "excluded_lines": []}, "IntentBiasScorer.failure_amnesia_bias": {"executed_lines": [211, 212, 213, 214, 216, 217, 218, 219, 221, 222, 223, 224, 225, 226, 227, 230, 231, 232, 233], "summary": {"covered_lines": 19, "num_statements": 19, "percent_covered": 100.0, "percent_covered_display": "100", "missing_lines": 0, "excluded_lines": 0}, "missing_lines": [], "excluded_lines": []}, "IntentBiasScorer.serial_discovery_bias": {"executed_lines": [237, 238, 239, 244, 245, 248, 249, 250], "summary": {"covered_lines": 8, "num_statements": 8, "percent_covered": 100.0, "percent_covered_display": "100", "missing_lines": 0, "excluded_lines": 0}, "missing_lines": [], "excluded_lines": []}, "IntentBiasScorer.stale_model_bias": {"executed_lines": [254, 255, 256, 258, 259, 260, 261, 262, 263, 264, 265, 267, 268, 270, 271, 272, 273, 274, 275], "summary": {"covered_lines": 19, "num_statements": 19, "percent_covered": 100.0, "percent_covered_display": "100", "missing_lines": 0, "excluded_lines": 0}, "missing_lines": [], "excluded_lines": []}, "IntentBiasScorer.build_evidence_trace": {"executed_lines": [279, 283, 284, 285, 288], "summary": {"covered_lines": 5, "num_statements": 5, "percent_covered": 100.0, "percent_covered_display": "100", "missing_lines": 0, "excluded_lines": 0}, "missing_lines": [], "excluded_lines": []}, "SignalCoordinator.__init__": {"executed_lines": [314, 315, 316, 317, 318, 319, 320, 321, 322, 323, 324], "summary": {"covered_lines": 11, "num_statements": 11, "percent_covered": 100.0, "percent_covered_display": "100", "missing_lines": 0, "excluded_lines": 0}, "missing_lines": [], "excluded_lines": []}, "SignalCoordinator.can_fire": {"executed_lines": [327, 328, 329, 330, 331], "summary": {"covered_lines": 5, "num_statements": 5, "percent_covered": 100.0, "percent_covered_display": "100", "missing_lines": 0, "excluded_lines": 0}, "missing_lines": [], "excluded_lines": []}, "SignalCoordinator.record_firing": {"executed_lines": [334, 335, 338], "summary": {"covered_lines": 3, "num_statements": 3, "percent_covered": 100.0, "percent_covered_display": "100", "missing_lines": 0, "excluded_lines": 0}, "missing_lines": [], "excluded_lines": []}, "SignalCoordinator.add_finding": {"executed_lines": [347, 348, 349, 352, 353, 354, 355, 356, 358, 361, 362, 363, 364, 365, 366, 367, 369, 371, 373, 374, 375, 376, 377, 378], "summary": {"covered_lines": 24, "num_statements": 24, "percent_covered": 100.0, "percent_covered_display": "100", "missing_lines": 0, "excluded_lines": 0}, "missing_lines": [], "excluded_lines": []}, "SignalCoordinator.register_nudge_only": {"executed_lines": [381, 382, 383, 384, 385, 386, 387, 388], "summary": {"covered_lines": 8, "num_statements": 8, "percent_covered": 100.0, "percent_covered_display": "100", "missing_lines": 0, "excluded_lines": 0}, "missing_lines": [], "excluded_lines": []}, "SignalCoordinator.finalize": {"executed_lines": [391, 392, 393], "summary": {"covered_lines": 3, "num_statements": 3, "percent_covered": 100.0, "percent_covered_display": "100", "missing_lines": 0, "excluded_lines": 0}, "missing_lines": [], "excluded_lines": []}, "_normalize_error_text": {"executed_lines": [418, 419], "summary": {"covered_lines": 2, "num_statements": 2, "percent_covered": 100.0, "percent_covered_display": "100", "missing_lines": 0, "excluded_lines": 0}, "missing_lines": [], "excluded_lines": []}, "_error_tokens": {"executed_lines": [423], "summary": {"covered_lines": 1, "num_statements": 1, "percent_covered": 100.0, "percent_covered_display": "100", "missing_lines": 0, "excluded_lines": 0}, "missing_lines": [], "excluded_lines": []}, "_error_like_match": {"executed_lines": [432, 433, 434, 435, 437, 438, 440, 443, 444, 446, 447], "summary": {"covered_lines": 11, "num_statements": 11, "percent_covered": 100.0, "percent_covered_display": "100", "missing_lines": 0, "excluded_lines": 0}, "missing_lines": [], "excluded_lines": []}, "_extract_hypothesis_error_candidates": {"executed_lines": [452, 453, 454, 455, 456, 457, 458, 459, 460, 461, 462], "summary": {"covered_lines": 11, "num_statements": 11, "percent_covered": 100.0, "percent_covered_display": "100", "missing_lines": 0, "excluded_lines": 0}, "missing_lines": [], "excluded_lines": []}, "": {"executed_lines": [1, 10, 12, 13, 15, 26, 65, 68, 138, 141, 142, 149, 182, 189, 209, 235, 252, 277, 294, 295, 297, 307, 326, 333, 340, 380, 390, 398, 399, 417, 422, 430, 450], "summary": {"covered_lines": 30, "num_statements": 32, "percent_covered": 93.75, "percent_covered_display": "94", "missing_lines": 2, "excluded_lines": 0}, "missing_lines": [16, 19], "excluded_lines": []}}, "classes": {"IntentBiasScorer": {"executed_lines": [155, 156, 157, 160, 161, 162, 164, 171, 176, 177, 178, 179, 180, 184, 185, 186, 187, 191, 192, 193, 195, 196, 197, 198, 200, 202, 203, 204, 205, 206, 207, 211, 212, 213, 214, 216, 217, 218, 219, 221, 222, 223, 224, 225, 226, 227, 230, 231, 232, 233, 237, 238, 239, 244, 245, 248, 249, 250, 254, 255, 256, 258, 259, 260, 261, 262, 263, 264, 265, 267, 268, 270, 271, 272, 273, 274, 275, 279, 283, 284, 285, 288], "summary": {"covered_lines": 82, "num_statements": 82, "percent_covered": 100.0, "percent_covered_display": "100", "missing_lines": 0, "excluded_lines": 0}, "missing_lines": [], "excluded_lines": []}, "SignalCoordinator": {"executed_lines": [314, 315, 316, 317, 318, 319, 320, 321, 322, 323, 324, 327, 328, 329, 330, 331, 334, 335, 338, 347, 348, 349, 352, 353, 354, 355, 356, 358, 361, 362, 363, 364, 365, 366, 367, 369, 371, 373, 374, 375, 376, 377, 378, 381, 382, 383, 384, 385, 386, 387, 388, 391, 392, 393], "summary": {"covered_lines": 54, "num_statements": 54, "percent_covered": 100.0, "percent_covered_display": "100", "missing_lines": 0, "excluded_lines": 0}, "missing_lines": [], "excluded_lines": []}, "": {"executed_lines": [1, 10, 12, 13, 15, 26, 65, 68, 79, 80, 82, 84, 85, 86, 89, 90, 91, 97, 99, 100, 103, 104, 105, 106, 107, 108, 109, 112, 113, 114, 115, 116, 117, 118, 120, 121, 123, 126, 127, 129, 130, 131, 133, 138, 141, 142, 149, 182, 189, 209, 235, 252, 277, 294, 295, 297, 307, 326, 333, 340, 380, 390, 398, 399, 417, 418, 419, 422, 423, 430, 432, 433, 434, 435, 437, 438, 440, 443, 444, 446, 447, 450, 452, 453, 454, 455, 456, 457, 458, 459, 460, 461, 462], "summary": {"covered_lines": 90, "num_statements": 94, "percent_covered": 95.74468085106383, "percent_covered_display": "96", "missing_lines": 4, "excluded_lines": 0}, "missing_lines": [16, 19, 119, 124], "excluded_lines": []}}}, "lintgate/channels/dependency_channel.py": {"executed_lines": [1, 10, 12, 13, 15, 21, 24, 25, 31, 32, 33, 35, 37, 38, 39, 40, 41, 42, 44, 46, 47, 48, 50, 51, 53, 55, 62, 64, 65, 66, 68, 82, 89, 90, 92, 93, 95, 97, 123, 125, 130, 131, 133, 134, 136, 138, 144, 149, 150, 162, 163, 164, 179, 182, 186, 187], "summary": {"covered_lines": 54, "num_statements": 72, "percent_covered": 75.0, "percent_covered_display": "75", "missing_lines": 18, "excluded_lines": 0}, "missing_lines": [98, 108, 109, 118, 119, 120, 121, 139, 174, 175, 176, 177, 188, 189, 190, 191, 192, 193], "excluded_lines": [], "functions": {"DependencyChannel.should_run": {"executed_lines": [37, 38, 39, 40, 41, 42], "summary": {"covered_lines": 6, "num_statements": 6, "percent_covered": 100.0, "percent_covered_display": "100", "missing_lines": 0, "excluded_lines": 0}, "missing_lines": [], "excluded_lines": []}, "DependencyChannel.execute": {"executed_lines": [46, 47, 48, 50, 51, 53, 55, 62, 64, 65, 66, 68], "summary": {"covered_lines": 12, "num_statements": 12, "percent_covered": 100.0, "percent_covered_display": "100", "missing_lines": 0, "excluded_lines": 0}, "missing_lines": [], "excluded_lines": []}, "DependencyChannel._quick_check": {"executed_lines": [89, 90, 92, 93, 95, 97, 123], "summary": {"covered_lines": 7, "num_statements": 14, "percent_covered": 50.0, "percent_covered_display": "50", "missing_lines": 7, "excluded_lines": 0}, "missing_lines": [98, 108, 109, 118, 119, 120, 121], "excluded_lines": []}, "DependencyChannel._full_check": {"executed_lines": [130, 131, 133, 134, 136, 138, 144, 149, 150, 162, 163, 164, 179], "summary": {"covered_lines": 13, "num_statements": 18, "percent_covered": 72.22222222222223, "percent_covered_display": "72", "missing_lines": 5, "excluded_lines": 0}, "missing_lines": [139, 174, 175, 176, 177], "excluded_lines": []}, "_max_severity": {"executed_lines": [186, 187], "summary": {"covered_lines": 2, "num_statements": 8, "percent_covered": 25.0, "percent_covered_display": "25", "missing_lines": 6, "excluded_lines": 0}, "missing_lines": [188, 189, 190, 191, 192, 193], "excluded_lines": []}, "": {"executed_lines": [1, 10, 12, 13, 15, 21, 24, 25, 31, 32, 33, 35, 44, 82, 125, 182], "summary": {"covered_lines": 14, "num_statements": 14, "percent_covered": 100.0, "percent_covered_display": "100", "missing_lines": 0, "excluded_lines": 0}, "missing_lines": [], "excluded_lines": []}}, "classes": {"DependencyChannel": {"executed_lines": [37, 38, 39, 40, 41, 42, 46, 47, 48, 50, 51, 53, 55, 62, 64, 65, 66, 68, 89, 90, 92, 93, 95, 97, 123, 130, 131, 133, 134, 136, 138, 144, 149, 150, 162, 163, 164, 179], "summary": {"covered_lines": 38, "num_statements": 50, "percent_covered": 76.0, "percent_covered_display": "76", "missing_lines": 12, "excluded_lines": 0}, "missing_lines": [98, 108, 109, 118, 119, 120, 121, 139, 174, 175, 176, 177], "excluded_lines": []}, "": {"executed_lines": [1, 10, 12, 13, 15, 21, 24, 25, 31, 32, 33, 35, 44, 82, 125, 182, 186, 187], "summary": {"covered_lines": 16, "num_statements": 22, "percent_covered": 72.72727272727273, "percent_covered_display": "73", "missing_lines": 6, "excluded_lines": 0}, "missing_lines": [188, 189, 190, 191, 192, 193], "excluded_lines": []}}}, "lintgate/channels/git_channel.py": {"executed_lines": [1, 15, 17, 18, 19, 20, 21, 22, 24, 30, 34, 50, 51, 56, 57, 58, 60, 62, 63, 64, 65, 66, 68, 70, 72, 73, 74, 76, 79, 80, 87, 90, 91, 94, 97, 98, 99, 100, 103, 106, 107, 108, 111, 112, 113, 114, 115, 116, 118, 119, 121, 122, 123, 124, 125, 127, 151, 153, 154, 155, 157, 158, 165, 170, 175, 176, 177, 178, 179, 180, 184, 187, 189, 190, 197, 198, 199, 200, 202, 203, 204, 205, 207, 221, 223, 224, 226, 227, 228, 230, 231, 233, 235, 236, 237, 245, 254, 257, 258, 259, 260, 261, 269, 281, 284, 286, 288, 298, 299, 306, 309, 310, 311, 314, 315, 316, 329, 336, 377, 387, 388, 389, 390, 391, 409, 412, 420, 421, 422, 423, 425, 426, 427, 428, 429, 430, 431, 432, 433, 434, 435, 436, 437, 438, 439, 440, 448, 451, 460, 461, 468, 469, 470, 471, 473, 474, 475, 476, 477, 479, 485, 493, 494, 496, 497, 499, 500, 501, 503, 504, 506, 507, 509, 510, 532, 545], "summary": {"covered_lines": 174, "num_statements": 181, "percent_covered": 96.13259668508287, "percent_covered_display": "96", "missing_lines": 7, "excluded_lines": 0}, "missing_lines": [166, 167, 278, 279, 307, 326, 327], "excluded_lines": [], "functions": {"GitChannel.should_run": {"executed_lines": [62, 63, 64, 65, 66, 68], "summary": {"covered_lines": 6, "num_statements": 6, "percent_covered": 100.0, "percent_covered_display": "100", "missing_lines": 0, "excluded_lines": 0}, "missing_lines": [], "excluded_lines": []}, "GitChannel.execute": {"executed_lines": [72, 73, 74, 76, 79, 80, 87, 90, 91, 94, 97, 98, 99, 100, 103, 106, 107, 108, 111, 112, 113, 114, 115, 116, 118, 119, 121, 122, 123, 124, 125, 127], "summary": {"covered_lines": 32, "num_statements": 32, "percent_covered": 100.0, "percent_covered_display": "100", "missing_lines": 0, "excluded_lines": 0}, "missing_lines": [], "excluded_lines": []}, "_is_git_repo": {"executed_lines": [153, 154, 155, 157, 158, 165], "summary": {"covered_lines": 6, "num_statements": 8, "percent_covered": 75.0, "percent_covered_display": "75", "missing_lines": 2, "excluded_lines": 0}, "missing_lines": [166, 167], "excluded_lines": []}, "_parse_diff_stat_totals": {"executed_lines": [175, 176, 177, 178, 179, 180, 184], "summary": {"covered_lines": 7, "num_statements": 7, "percent_covered": 100.0, "percent_covered_display": "100", "missing_lines": 0, "excluded_lines": 0}, "missing_lines": [], "excluded_lines": []}, "_check_large_changes": {"executed_lines": [189, 190, 197, 198, 199, 200, 202, 203, 204, 205, 207], "summary": {"covered_lines": 11, "num_statements": 11, "percent_covered": 100.0, "percent_covered_display": "100", "missing_lines": 0, "excluded_lines": 0}, "missing_lines": [], "excluded_lines": []}, "_check_lockfile_freshness": {"executed_lines": [223, 224, 226, 227, 228, 230, 231, 233, 235, 236, 237, 245, 254, 257, 258, 259, 260, 261, 269, 281], "summary": {"covered_lines": 20, "num_statements": 22, "percent_covered": 90.9090909090909, "percent_covered_display": "91", "missing_lines": 2, "excluded_lines": 0}, "missing_lines": [278, 279], "excluded_lines": []}, "_check_sensitive_files": {"executed_lines": [286, 288, 298, 299, 306, 309, 310, 311, 314, 315, 316, 329], "summary": {"covered_lines": 12, "num_statements": 15, "percent_covered": 80.0, "percent_covered_display": "80", "missing_lines": 3, "excluded_lines": 0}, "missing_lines": [307, 326, 327], "excluded_lines": []}, "_match_secret_pattern": {"executed_lines": [387, 388, 389, 390, 391, 409], "summary": {"covered_lines": 6, "num_statements": 6, "percent_covered": 100.0, "percent_covered_display": "100", "missing_lines": 0, "excluded_lines": 0}, "missing_lines": [], "excluded_lines": []}, "_iter_diff_additions": {"executed_lines": [420, 421, 422, 423, 425, 426, 427, 428, 429, 430, 431, 432, 433, 434, 435, 436, 437, 438, 439, 440, 448], "summary": {"covered_lines": 21, "num_statements": 21, "percent_covered": 100.0, "percent_covered_display": "100", "missing_lines": 0, "excluded_lines": 0}, "missing_lines": [], "excluded_lines": []}, "_check_diff_secrets": {"executed_lines": [460, 461, 468, 469, 470, 471, 473, 474, 475, 476, 477, 479], "summary": {"covered_lines": 12, "num_statements": 12, "percent_covered": 100.0, "percent_covered_display": "100", "missing_lines": 0, "excluded_lines": 0}, "missing_lines": [], "excluded_lines": []}, "_check_quality_infrastructure": {"executed_lines": [493, 494, 496, 497, 499, 500, 501, 503, 504, 506, 507, 509, 510, 532, 545], "summary": {"covered_lines": 15, "num_statements": 15, "percent_covered": 100.0, "percent_covered_display": "100", "missing_lines": 0, "excluded_lines": 0}, "missing_lines": [], "excluded_lines": []}, "": {"executed_lines": [1, 15, 17, 18, 19, 20, 21, 22, 24, 30, 34, 50, 51, 56, 57, 58, 60, 70, 151, 170, 187, 221, 284, 336, 377, 412, 451, 485], "summary": {"covered_lines": 26, "num_statements": 26, "percent_covered": 100.0, "percent_covered_display": "100", "missing_lines": 0, "excluded_lines": 0}, "missing_lines": [], "excluded_lines": []}}, "classes": {"GitChannel": {"executed_lines": [62, 63, 64, 65, 66, 68, 72, 73, 74, 76, 79, 80, 87, 90, 91, 94, 97, 98, 99, 100, 103, 106, 107, 108, 111, 112, 113, 114, 115, 116, 118, 119, 121, 122, 123, 124, 125, 127], "summary": {"covered_lines": 38, "num_statements": 38, "percent_covered": 100.0, "percent_covered_display": "100", "missing_lines": 0, "excluded_lines": 0}, "missing_lines": [], "excluded_lines": []}, "": {"executed_lines": [1, 15, 17, 18, 19, 20, 21, 22, 24, 30, 34, 50, 51, 56, 57, 58, 60, 70, 151, 153, 154, 155, 157, 158, 165, 170, 175, 176, 177, 178, 179, 180, 184, 187, 189, 190, 197, 198, 199, 200, 202, 203, 204, 205, 207, 221, 223, 224, 226, 227, 228, 230, 231, 233, 235, 236, 237, 245, 254, 257, 258, 259, 260, 261, 269, 281, 284, 286, 288, 298, 299, 306, 309, 310, 311, 314, 315, 316, 329, 336, 377, 387, 388, 389, 390, 391, 409, 412, 420, 421, 422, 423, 425, 426, 427, 428, 429, 430, 431, 432, 433, 434, 435, 436, 437, 438, 439, 440, 448, 451, 460, 461, 468, 469, 470, 471, 473, 474, 475, 476, 477, 479, 485, 493, 494, 496, 497, 499, 500, 501, 503, 504, 506, 507, 509, 510, 532, 545], "summary": {"covered_lines": 136, "num_statements": 143, "percent_covered": 95.1048951048951, "percent_covered_display": "95", "missing_lines": 7, "excluded_lines": 0}, "missing_lines": [166, 167, 278, 279, 307, 326, 327], "excluded_lines": []}}}, "lintgate/channels/lint_channel.py": {"executed_lines": [1, 15, 17, 18, 19, 20, 22, 23, 25, 29, 30, 39, 40, 41, 43, 50, 51, 52, 53, 54, 55, 57, 69, 71, 72, 73, 81, 84, 86, 87, 88, 94, 97, 99, 101, 102, 103, 105, 107, 110, 112, 120, 122, 123, 124, 126, 128, 129, 130, 132, 135, 136, 145, 155, 157, 158, 159, 169, 171, 173, 174, 175, 184, 186, 188, 190, 191, 193, 195, 197, 199, 206, 209, 210, 212, 220, 222, 239, 243, 244, 245, 246, 247, 248, 250, 251, 253, 273, 279, 280, 282, 289, 291, 293, 296, 302, 303, 304, 305, 306, 307, 308, 309, 310, 313, 323, 324, 325, 326, 327, 328, 331, 333, 334, 336, 337, 338, 340, 341, 343], "summary": {"covered_lines": 118, "num_statements": 122, "percent_covered": 96.72131147540983, "percent_covered_display": "97", "missing_lines": 4, "excluded_lines": 0}, "missing_lines": [26, 283, 284, 286], "excluded_lines": [], "functions": {"LintChannel.should_run": {"executed_lines": [50, 51, 52, 53, 54, 55], "summary": {"covered_lines": 6, "num_statements": 6, "percent_covered": 100.0, "percent_covered_display": "100", "missing_lines": 0, "excluded_lines": 0}, "missing_lines": [], "excluded_lines": []}, "LintChannel.execute": {"executed_lines": [69, 71, 72, 73, 81, 84, 86, 87, 88, 94, 97, 99, 101, 102, 103, 105, 107, 110, 112, 120, 122, 123, 124, 126, 128, 129, 130, 132, 135, 136], "summary": {"covered_lines": 30, "num_statements": 30, "percent_covered": 100.0, "percent_covered_display": "100", "missing_lines": 0, "excluded_lines": 0}, "missing_lines": [], "excluded_lines": []}, "LintChannel.execute_pure": {"executed_lines": [155, 157, 158, 159, 169, 171, 173, 174, 175, 184, 186, 188, 190, 191, 193, 195, 197, 199, 206, 209, 210, 212, 220], "summary": {"covered_lines": 23, "num_statements": 23, "percent_covered": 100.0, "percent_covered_display": "100", "missing_lines": 0, "excluded_lines": 0}, "missing_lines": [], "excluded_lines": []}, "LintChannel._to_channel_result": {"executed_lines": [239, 243, 244, 245, 246, 247, 248, 250, 251, 253], "summary": {"covered_lines": 10, "num_statements": 10, "percent_covered": 100.0, "percent_covered_display": "100", "missing_lines": 0, "excluded_lines": 0}, "missing_lines": [], "excluded_lines": []}, "LintChannel._build_project_config": {"executed_lines": [279, 280, 282], "summary": {"covered_lines": 3, "num_statements": 6, "percent_covered": 50.0, "percent_covered_display": "50", "missing_lines": 3, "excluded_lines": 0}, "missing_lines": [283, 284, 286], "excluded_lines": []}, "_empty_aggregated": {"executed_lines": [291, 293], "summary": {"covered_lines": 2, "num_statements": 2, "percent_covered": 100.0, "percent_covered_display": "100", "missing_lines": 0, "excluded_lines": 0}, "missing_lines": [], "excluded_lines": []}, "_estimate_scope_chars": {"executed_lines": [302, 303, 304, 305, 306, 307, 308, 309, 310], "summary": {"covered_lines": 9, "num_statements": 9, "percent_covered": 100.0, "percent_covered_display": "100", "missing_lines": 0, "excluded_lines": 0}, "missing_lines": [], "excluded_lines": []}, "_compute_dynamic_timeout_ms": {"executed_lines": [323, 324, 325, 326, 327, 328], "summary": {"covered_lines": 6, "num_statements": 6, "percent_covered": 100.0, "percent_covered_display": "100", "missing_lines": 0, "excluded_lines": 0}, "missing_lines": [], "excluded_lines": []}, "_apply_mcp_strictness_override": {"executed_lines": [333, 334, 336, 337, 338, 340, 341, 343], "summary": {"covered_lines": 8, "num_statements": 8, "percent_covered": 100.0, "percent_covered_display": "100", "missing_lines": 0, "excluded_lines": 0}, "missing_lines": [], "excluded_lines": []}, "": {"executed_lines": [1, 15, 17, 18, 19, 20, 22, 23, 25, 29, 30, 39, 40, 41, 43, 57, 145, 222, 273, 289, 296, 313, 331], "summary": {"covered_lines": 21, "num_statements": 22, "percent_covered": 95.45454545454545, "percent_covered_display": "95", "missing_lines": 1, "excluded_lines": 0}, "missing_lines": [26], "excluded_lines": []}}, "classes": {"LintChannel": {"executed_lines": [50, 51, 52, 53, 54, 55, 69, 71, 72, 73, 81, 84, 86, 87, 88, 94, 97, 99, 101, 102, 103, 105, 107, 110, 112, 120, 122, 123, 124, 126, 128, 129, 130, 132, 135, 136, 155, 157, 158, 159, 169, 171, 173, 174, 175, 184, 186, 188, 190, 191, 193, 195, 197, 199, 206, 209, 210, 212, 220, 239, 243, 244, 245, 246, 247, 248, 250, 251, 253, 279, 280, 282], "summary": {"covered_lines": 72, "num_statements": 75, "percent_covered": 96.0, "percent_covered_display": "96", "missing_lines": 3, "excluded_lines": 0}, "missing_lines": [283, 284, 286], "excluded_lines": []}, "": {"executed_lines": [1, 15, 17, 18, 19, 20, 22, 23, 25, 29, 30, 39, 40, 41, 43, 57, 145, 222, 273, 289, 291, 293, 296, 302, 303, 304, 305, 306, 307, 308, 309, 310, 313, 323, 324, 325, 326, 327, 328, 331, 333, 334, 336, 337, 338, 340, 341, 343], "summary": {"covered_lines": 46, "num_statements": 47, "percent_covered": 97.87234042553192, "percent_covered_display": "98", "missing_lines": 1, "excluded_lines": 0}, "missing_lines": [26], "excluded_lines": []}}}, "lintgate/channels/structure_channel.py": {"executed_lines": [1, 22, 24, 25, 26, 27, 28, 29, 30, 32, 37, 38, 43, 44, 47, 48, 51, 54, 71, 87, 102, 119, 120, 127, 128, 129, 131, 142, 143, 144, 145, 146, 147, 148, 151, 152, 155, 156, 158, 159, 161, 162, 165, 166, 169, 171, 173, 174, 176, 179, 181, 182, 183, 192, 195, 196, 199, 200, 204, 205, 206, 207, 210, 213, 214, 216, 219, 231, 232, 233, 234, 235, 238, 251, 253, 254, 270, 272, 277, 278, 279, 281, 287, 297, 303, 304, 305, 307, 308, 309, 312, 315, 316, 319, 320, 321, 322, 324, 327, 329, 330, 331, 332, 333, 335, 336, 337, 338, 341, 342, 343, 344, 345, 347, 349, 350, 352, 353, 355, 361, 371, 372, 373, 375, 376, 377, 379, 381, 382, 383, 385, 386, 388, 409, 412, 414, 415, 416, 417, 419, 420, 421, 422, 423, 424, 425, 426, 427, 429, 430, 432, 433, 435, 436, 437, 439, 440, 441, 443, 449, 458, 461, 463, 464, 466, 467, 468, 470, 473, 475, 477, 478, 481, 515, 518, 520, 521, 522, 523, 524, 526, 527, 528, 529, 530, 532, 533, 534, 540, 551, 552, 553, 554, 555, 557, 558, 559, 560, 562, 563, 565, 567, 569, 570, 572, 574, 575, 578, 581, 582, 583, 588, 589, 590, 593, 594, 596, 602, 605, 606, 608, 611, 617, 619, 620, 621, 623, 624, 625, 626, 628, 634, 658, 661, 662, 663, 667, 668, 669, 670, 671, 672, 675, 677, 679, 680, 683, 684, 687, 688, 689, 692, 693, 696, 697, 699, 701, 703, 705, 707, 736, 739, 763, 766, 773, 774, 777, 778, 781, 782, 785, 786, 789, 790, 791, 792, 793, 798, 799, 800, 801, 804, 805, 808, 809, 810, 811, 813, 814, 817, 818, 819, 820, 821, 822, 823, 825, 831, 845, 848, 849, 850, 851, 853, 854, 857, 859, 861, 862, 864, 866, 867, 869, 870, 871, 872, 873, 875, 877, 878, 879, 881, 884, 885, 914, 920, 937, 938, 947, 948, 949, 950, 951, 953, 956, 957, 958, 960, 973], "summary": {"covered_lines": 337, "num_statements": 342, "percent_covered": 98.53801169590643, "percent_covered_display": "99", "missing_lines": 5, "excluded_lines": 0}, "missing_lines": [236, 310, 378, 471, 812], "excluded_lines": [], "functions": {"StructureChannel.should_run": {"executed_lines": [142, 143, 144, 145, 146, 147, 148, 151, 152, 155, 156, 158, 159, 161, 162, 165, 166, 169], "summary": {"covered_lines": 18, "num_statements": 18, "percent_covered": 100.0, "percent_covered_display": "100", "missing_lines": 0, "excluded_lines": 0}, "missing_lines": [], "excluded_lines": []}, "StructureChannel.execute": {"executed_lines": [173, 174, 176, 179, 181, 182, 183, 192, 195, 196, 199, 200, 204, 205, 206, 207, 210, 213, 214, 216, 219, 231, 232, 233, 234, 235, 238], "summary": {"covered_lines": 27, "num_statements": 28, "percent_covered": 96.42857142857143, "percent_covered_display": "96", "missing_lines": 1, "excluded_lines": 0}, "missing_lines": [236], "excluded_lines": []}, "_discover_python_files": {"executed_lines": [253, 254, 270, 272, 277, 278, 279, 281], "summary": {"covered_lines": 8, "num_statements": 8, "percent_covered": 100.0, "percent_covered_display": "100", "missing_lines": 0, "excluded_lines": 0}, "missing_lines": [], "excluded_lines": []}, "_build_import_graph": {"executed_lines": [297, 303, 304, 305, 307, 308, 309, 312, 315, 316, 319, 320, 321, 322, 324], "summary": {"covered_lines": 15, "num_statements": 16, "percent_covered": 93.75, "percent_covered_display": "94", "missing_lines": 1, "excluded_lines": 0}, "missing_lines": [310], "excluded_lines": []}, "_count_loc": {"executed_lines": [329, 330, 331, 332, 333, 335, 336, 337, 338, 341, 342, 343, 344, 345, 347, 349, 350, 352, 353, 355], "summary": {"covered_lines": 20, "num_statements": 20, "percent_covered": 100.0, "percent_covered_display": "100", "missing_lines": 0, "excluded_lines": 0}, "missing_lines": [], "excluded_lines": []}, "_check_import_cycles": {"executed_lines": [371, 372, 373, 375, 376, 377, 379, 381, 382, 383, 385, 386, 388, 409], "summary": {"covered_lines": 14, "num_statements": 15, "percent_covered": 93.33333333333333, "percent_covered_display": "93", "missing_lines": 1, "excluded_lines": 0}, "missing_lines": [378], "excluded_lines": []}, "_find_cycles": {"executed_lines": [414, 415, 416, 417, 419, 439, 440, 441, 443], "summary": {"covered_lines": 9, "num_statements": 9, "percent_covered": 100.0, "percent_covered_display": "100", "missing_lines": 0, "excluded_lines": 0}, "missing_lines": [], "excluded_lines": []}, "_find_cycles.dfs": {"executed_lines": [420, 421, 422, 423, 424, 425, 426, 427, 429, 430, 432, 433, 435, 436, 437], "summary": {"covered_lines": 15, "num_statements": 15, "percent_covered": 100.0, "percent_covered_display": "100", "missing_lines": 0, "excluded_lines": 0}, "missing_lines": [], "excluded_lines": []}, "_check_module_size_distribution": {"executed_lines": [458, 461, 463, 464, 466, 467, 468, 470, 473, 475, 477, 478, 481, 515], "summary": {"covered_lines": 14, "num_statements": 15, "percent_covered": 93.33333333333333, "percent_covered_display": "93", "missing_lines": 1, "excluded_lines": 0}, "missing_lines": [471], "excluded_lines": []}, "_percentile": {"executed_lines": [520, 521, 522, 523, 524, 526, 527, 528, 529, 530, 532, 533, 534], "summary": {"covered_lines": 13, "num_statements": 13, "percent_covered": 100.0, "percent_covered_display": "100", "missing_lines": 0, "excluded_lines": 0}, "missing_lines": [], "excluded_lines": []}, "_detect_reexports": {"executed_lines": [551, 552, 553, 554, 555, 557, 558, 559, 560, 562, 563, 565, 567, 569, 570, 572, 574, 575, 578, 581, 582, 583, 588, 589, 590, 593, 594, 596, 602, 605, 606, 608], "summary": {"covered_lines": 32, "num_statements": 32, "percent_covered": 100.0, "percent_covered_display": "100", "missing_lines": 0, "excluded_lines": 0}, "missing_lines": [], "excluded_lines": []}, "_build_reexport_map": {"executed_lines": [617, 619, 620, 621, 623, 624, 625, 626, 628], "summary": {"covered_lines": 9, "num_statements": 9, "percent_covered": 100.0, "percent_covered_display": "100", "missing_lines": 0, "excluded_lines": 0}, "missing_lines": [], "excluded_lines": []}, "_check_orphans": {"executed_lines": [658, 661, 662, 663, 667, 668, 669, 670, 671, 672, 675, 677, 679, 680, 683, 684, 687, 688, 689, 692, 693, 696, 697, 699, 701, 703, 705, 707, 736, 739, 763], "summary": {"covered_lines": 31, "num_statements": 31, "percent_covered": 100.0, "percent_covered_display": "100", "missing_lines": 0, "excluded_lines": 0}, "missing_lines": [], "excluded_lines": []}, "_is_orphan_excluded": {"executed_lines": [773, 774, 777, 778, 781, 782, 785, 786, 789, 790, 791, 792, 793, 798, 799, 800, 801, 804, 805, 808, 809, 810, 811, 813, 814, 817, 818, 819, 820, 821, 822, 823, 825], "summary": {"covered_lines": 33, "num_statements": 34, "percent_covered": 97.05882352941177, "percent_covered_display": "97", "missing_lines": 1, "excluded_lines": 0}, "missing_lines": [812], "excluded_lines": []}, "_check_package_cohesion": {"executed_lines": [845, 848, 849, 850, 851, 853, 854, 857, 859, 861, 862, 864, 866, 867, 869, 870, 871, 872, 873, 875, 877, 878, 879, 881, 884, 885, 914], "summary": {"covered_lines": 27, "num_statements": 27, "percent_covered": 100.0, "percent_covered_display": "100", "missing_lines": 0, "excluded_lines": 0}, "missing_lines": [], "excluded_lines": []}, "_build_structure_snapshot": {"executed_lines": [937, 938, 947, 948, 949, 950, 951, 953, 956, 957, 958, 960, 973], "summary": {"covered_lines": 13, "num_statements": 13, "percent_covered": 100.0, "percent_covered_display": "100", "missing_lines": 0, "excluded_lines": 0}, "missing_lines": [], "excluded_lines": []}, "": {"executed_lines": [1, 22, 24, 25, 26, 27, 28, 29, 30, 32, 37, 38, 43, 44, 47, 48, 51, 54, 71, 87, 102, 119, 120, 127, 128, 129, 131, 171, 251, 287, 327, 361, 412, 449, 518, 540, 611, 634, 766, 831, 920], "summary": {"covered_lines": 39, "num_statements": 39, "percent_covered": 100.0, "percent_covered_display": "100", "missing_lines": 0, "excluded_lines": 0}, "missing_lines": [], "excluded_lines": []}}, "classes": {"StructureChannel": {"executed_lines": [142, 143, 144, 145, 146, 147, 148, 151, 152, 155, 156, 158, 159, 161, 162, 165, 166, 169, 173, 174, 176, 179, 181, 182, 183, 192, 195, 196, 199, 200, 204, 205, 206, 207, 210, 213, 214, 216, 219, 231, 232, 233, 234, 235, 238], "summary": {"covered_lines": 45, "num_statements": 46, "percent_covered": 97.82608695652173, "percent_covered_display": "98", "missing_lines": 1, "excluded_lines": 0}, "missing_lines": [236], "excluded_lines": []}, "": {"executed_lines": [1, 22, 24, 25, 26, 27, 28, 29, 30, 32, 37, 38, 43, 44, 47, 48, 51, 54, 71, 87, 102, 119, 120, 127, 128, 129, 131, 171, 251, 253, 254, 270, 272, 277, 278, 279, 281, 287, 297, 303, 304, 305, 307, 308, 309, 312, 315, 316, 319, 320, 321, 322, 324, 327, 329, 330, 331, 332, 333, 335, 336, 337, 338, 341, 342, 343, 344, 345, 347, 349, 350, 352, 353, 355, 361, 371, 372, 373, 375, 376, 377, 379, 381, 382, 383, 385, 386, 388, 409, 412, 414, 415, 416, 417, 419, 420, 421, 422, 423, 424, 425, 426, 427, 429, 430, 432, 433, 435, 436, 437, 439, 440, 441, 443, 449, 458, 461, 463, 464, 466, 467, 468, 470, 473, 475, 477, 478, 481, 515, 518, 520, 521, 522, 523, 524, 526, 527, 528, 529, 530, 532, 533, 534, 540, 551, 552, 553, 554, 555, 557, 558, 559, 560, 562, 563, 565, 567, 569, 570, 572, 574, 575, 578, 581, 582, 583, 588, 589, 590, 593, 594, 596, 602, 605, 606, 608, 611, 617, 619, 620, 621, 623, 624, 625, 626, 628, 634, 658, 661, 662, 663, 667, 668, 669, 670, 671, 672, 675, 677, 679, 680, 683, 684, 687, 688, 689, 692, 693, 696, 697, 699, 701, 703, 705, 707, 736, 739, 763, 766, 773, 774, 777, 778, 781, 782, 785, 786, 789, 790, 791, 792, 793, 798, 799, 800, 801, 804, 805, 808, 809, 810, 811, 813, 814, 817, 818, 819, 820, 821, 822, 823, 825, 831, 845, 848, 849, 850, 851, 853, 854, 857, 859, 861, 862, 864, 866, 867, 869, 870, 871, 872, 873, 875, 877, 878, 879, 881, 884, 885, 914, 920, 937, 938, 947, 948, 949, 950, 951, 953, 956, 957, 958, 960, 973], "summary": {"covered_lines": 292, "num_statements": 296, "percent_covered": 98.64864864864865, "percent_covered_display": "99", "missing_lines": 4, "excluded_lines": 0}, "missing_lines": [310, 378, 471, 812], "excluded_lines": []}}}, "lintgate/channels/symbol_coverage.py": {"executed_lines": [1, 16, 18, 19, 20, 21, 22, 23, 24, 25, 26, 31, 32, 33, 35, 36, 37, 38, 39, 40, 41, 44, 45, 46, 48, 49, 50, 51, 54, 55, 56, 58, 59, 60, 61, 62, 63, 66, 67, 68, 70, 71, 72, 75, 76, 77, 79, 80, 81, 82, 83, 84, 90, 96, 97, 100, 101, 107, 109, 115, 121, 122, 123, 124, 125, 126, 128, 129, 130, 133, 142, 143, 145, 146, 148, 149, 151, 152, 156, 157, 159, 161, 162, 164, 166, 179, 185, 191, 192, 193, 194, 195, 197, 198, 200, 201, 202, 203, 206, 207, 208, 209, 210, 211, 212, 214, 221, 227, 233, 234, 236, 237, 240, 241, 242, 245, 247, 249, 262, 269, 270, 274, 275, 282, 283, 285, 287, 289, 290, 292, 293, 294, 295, 296, 297, 299, 305, 317, 318, 320, 321, 323, 324, 326, 333, 336, 344, 345, 346, 349, 350, 351, 353, 354, 355, 357, 359, 361, 363, 366, 372, 373, 374, 375, 378, 385, 386, 387, 388, 389, 390, 391, 394, 404, 405, 407, 408, 409, 410, 411, 413, 414, 416, 417, 418, 420, 421, 422, 424, 425, 426, 427, 429, 431, 434, 436, 437, 438, 439, 442, 444, 450, 459, 460, 462, 463, 464, 465, 466, 467, 468, 469, 470, 471, 473, 474, 476, 477, 478, 480, 482, 488, 505, 509, 510, 516, 517, 518, 521, 522, 523, 524, 530, 539, 540, 542, 543, 545, 556, 558, 559, 561, 570, 577, 578, 581, 582, 583, 584, 589, 590, 591, 592, 594, 595, 596, 600, 603, 605, 606, 608, 609, 610, 611, 612, 613, 614, 615, 616, 623], "summary": {"covered_lines": 264, "num_statements": 273, "percent_covered": 96.7032967032967, "percent_covered_display": "97", "missing_lines": 9, "excluded_lines": 0}, "missing_lines": [102, 104, 153, 271, 272, 585, 586, 597, 598], "excluded_lines": [], "functions": {"_canonicalize_symbol_key": {"executed_lines": [96, 97, 100, 101, 107, 109], "summary": {"covered_lines": 6, "num_statements": 8, "percent_covered": 75.0, "percent_covered_display": "75", "missing_lines": 2, "excluded_lines": 0}, "missing_lines": [102, 104], "excluded_lines": []}, "extract_symbol_spans": {"executed_lines": [121, 122, 123, 124, 125, 126, 128, 129, 130], "summary": {"covered_lines": 9, "num_statements": 9, "percent_covered": 100.0, "percent_covered_display": "100", "missing_lines": 0, "excluded_lines": 0}, "missing_lines": [], "excluded_lines": []}, "_visit_node": {"executed_lines": [142, 143, 145, 146, 148, 149, 151, 152, 156, 157, 159, 161, 162, 164, 166, 179], "summary": {"covered_lines": 16, "num_statements": 17, "percent_covered": 94.11764705882354, "percent_covered_display": "94", "missing_lines": 1, "excluded_lines": 0}, "missing_lines": [153], "excluded_lines": []}, "parse_coverage_json": {"executed_lines": [191, 192, 193, 194, 195, 197, 198, 200, 201, 202, 203, 206, 207, 208, 209, 210, 211, 212, 214, 221], "summary": {"covered_lines": 20, "num_statements": 20, "percent_covered": 100.0, "percent_covered_display": "100", "missing_lines": 0, "excluded_lines": 0}, "missing_lines": [], "excluded_lines": []}, "check_symbol_coverage": {"executed_lines": [233, 234, 236, 237, 240, 241, 242, 245, 247, 249], "summary": {"covered_lines": 10, "num_statements": 10, "percent_covered": 100.0, "percent_covered_display": "100", "missing_lines": 0, "excluded_lines": 0}, "missing_lines": [], "excluded_lines": []}, "get_changed_line_ranges": {"executed_lines": [269, 270, 274, 275, 282, 283, 285, 287, 289, 290, 292, 293, 294, 295, 296, 297, 299], "summary": {"covered_lines": 17, "num_statements": 19, "percent_covered": 89.47368421052632, "percent_covered_display": "89", "missing_lines": 2, "excluded_lines": 0}, "missing_lines": [271, 272], "excluded_lines": []}, "build_target_set": {"executed_lines": [317, 318, 320, 321, 323, 324, 326, 333], "summary": {"covered_lines": 8, "num_statements": 8, "percent_covered": 100.0, "percent_covered_display": "100", "missing_lines": 0, "excluded_lines": 0}, "missing_lines": [], "excluded_lines": []}, "_collect_changed_symbols": {"executed_lines": [344, 345, 346, 349, 350, 351, 353, 354, 355, 357, 359, 361, 363], "summary": {"covered_lines": 13, "num_statements": 13, "percent_covered": 100.0, "percent_covered_display": "100", "missing_lines": 0, "excluded_lines": 0}, "missing_lines": [], "excluded_lines": []}, "_add_spans": {"executed_lines": [372, 373, 374, 375], "summary": {"covered_lines": 4, "num_statements": 4, "percent_covered": 100.0, "percent_covered_display": "100", "missing_lines": 0, "excluded_lines": 0}, "missing_lines": [], "excluded_lines": []}, "_add_overlapping_spans": {"executed_lines": [385, 386, 387, 388, 389, 390, 391], "summary": {"covered_lines": 7, "num_statements": 7, "percent_covered": 100.0, "percent_covered_display": "100", "missing_lines": 0, "excluded_lines": 0}, "missing_lines": [], "excluded_lines": []}, "_resolve_required_symbols": {"executed_lines": [404, 405, 407, 408, 409, 410, 411, 413, 414, 416, 417, 418, 420, 421, 422, 424, 425, 426, 427, 429, 431], "summary": {"covered_lines": 21, "num_statements": 21, "percent_covered": 100.0, "percent_covered_display": "100", "missing_lines": 0, "excluded_lines": 0}, "missing_lines": [], "excluded_lines": []}, "_find_span_by_key": {"executed_lines": [436, 437, 438, 439], "summary": {"covered_lines": 4, "num_statements": 4, "percent_covered": 100.0, "percent_covered_display": "100", "missing_lines": 0, "excluded_lines": 0}, "missing_lines": [], "excluded_lines": []}, "_ranges_overlap": {"executed_lines": [444], "summary": {"covered_lines": 1, "num_statements": 1, "percent_covered": 100.0, "percent_covered_display": "100", "missing_lines": 0, "excluded_lines": 0}, "missing_lines": [], "excluded_lines": []}, "apply_waivers": {"executed_lines": [459, 460, 462, 463, 464, 465, 466, 467, 468, 469, 470, 471, 473, 474, 476, 477, 478, 480, 482], "summary": {"covered_lines": 19, "num_statements": 19, "percent_covered": 100.0, "percent_covered_display": "100", "missing_lines": 0, "excluded_lines": 0}, "missing_lines": [], "excluded_lines": []}, "run_symbol_coverage_gate": {"executed_lines": [505, 509, 510, 516, 517, 518, 521, 522, 523, 524, 530, 539, 540, 542, 543, 545, 556, 558, 559, 561], "summary": {"covered_lines": 20, "num_statements": 20, "percent_covered": 100.0, "percent_covered_display": "100", "missing_lines": 0, "excluded_lines": 0}, "missing_lines": [], "excluded_lines": []}, "_find_file_coverage": {"executed_lines": [577, 578, 581, 582, 583, 584, 589, 590, 591, 592, 594, 595, 596, 600], "summary": {"covered_lines": 14, "num_statements": 18, "percent_covered": 77.77777777777777, "percent_covered_display": "78", "missing_lines": 4, "excluded_lines": 0}, "missing_lines": [585, 586, 597, 598], "excluded_lines": []}, "_parse_waivers": {"executed_lines": [605, 606, 608, 609, 610, 611, 612, 613, 614, 615, 616, 623], "summary": {"covered_lines": 12, "num_statements": 12, "percent_covered": 100.0, "percent_covered_display": "100", "missing_lines": 0, "excluded_lines": 0}, "missing_lines": [], "excluded_lines": []}, "": {"executed_lines": [1, 16, 18, 19, 20, 21, 22, 23, 24, 25, 26, 31, 32, 33, 35, 36, 37, 38, 39, 40, 41, 44, 45, 46, 48, 49, 50, 51, 54, 55, 56, 58, 59, 60, 61, 62, 63, 66, 67, 68, 70, 71, 72, 75, 76, 77, 79, 80, 81, 82, 83, 84, 90, 115, 133, 185, 227, 262, 305, 336, 366, 378, 394, 434, 442, 450, 488, 570, 603], "summary": {"covered_lines": 63, "num_statements": 63, "percent_covered": 100.0, "percent_covered_display": "100", "missing_lines": 0, "excluded_lines": 0}, "missing_lines": [], "excluded_lines": []}}, "classes": {"SymbolSpan": {"executed_lines": [], "summary": {"covered_lines": 0, "num_statements": 0, "percent_covered": 100.0, "percent_covered_display": "100", "missing_lines": 0, "excluded_lines": 0}, "missing_lines": [], "excluded_lines": []}, "FileCoverage": {"executed_lines": [], "summary": {"covered_lines": 0, "num_statements": 0, "percent_covered": 100.0, "percent_covered_display": "100", "missing_lines": 0, "excluded_lines": 0}, "missing_lines": [], "excluded_lines": []}, "SymbolCoverageResult": {"executed_lines": [], "summary": {"covered_lines": 0, "num_statements": 0, "percent_covered": 100.0, "percent_covered_display": "100", "missing_lines": 0, "excluded_lines": 0}, "missing_lines": [], "excluded_lines": []}, "SymbolCoverageWaiver": {"executed_lines": [], "summary": {"covered_lines": 0, "num_statements": 0, "percent_covered": 100.0, "percent_covered_display": "100", "missing_lines": 0, "excluded_lines": 0}, "missing_lines": [], "excluded_lines": []}, "SymbolCoverageGateResult": {"executed_lines": [], "summary": {"covered_lines": 0, "num_statements": 0, "percent_covered": 100.0, "percent_covered_display": "100", "missing_lines": 0, "excluded_lines": 0}, "missing_lines": [], "excluded_lines": []}, "": {"executed_lines": [1, 16, 18, 19, 20, 21, 22, 23, 24, 25, 26, 31, 32, 33, 35, 36, 37, 38, 39, 40, 41, 44, 45, 46, 48, 49, 50, 51, 54, 55, 56, 58, 59, 60, 61, 62, 63, 66, 67, 68, 70, 71, 72, 75, 76, 77, 79, 80, 81, 82, 83, 84, 90, 96, 97, 100, 101, 107, 109, 115, 121, 122, 123, 124, 125, 126, 128, 129, 130, 133, 142, 143, 145, 146, 148, 149, 151, 152, 156, 157, 159, 161, 162, 164, 166, 179, 185, 191, 192, 193, 194, 195, 197, 198, 200, 201, 202, 203, 206, 207, 208, 209, 210, 211, 212, 214, 221, 227, 233, 234, 236, 237, 240, 241, 242, 245, 247, 249, 262, 269, 270, 274, 275, 282, 283, 285, 287, 289, 290, 292, 293, 294, 295, 296, 297, 299, 305, 317, 318, 320, 321, 323, 324, 326, 333, 336, 344, 345, 346, 349, 350, 351, 353, 354, 355, 357, 359, 361, 363, 366, 372, 373, 374, 375, 378, 385, 386, 387, 388, 389, 390, 391, 394, 404, 405, 407, 408, 409, 410, 411, 413, 414, 416, 417, 418, 420, 421, 422, 424, 425, 426, 427, 429, 431, 434, 436, 437, 438, 439, 442, 444, 450, 459, 460, 462, 463, 464, 465, 466, 467, 468, 469, 470, 471, 473, 474, 476, 477, 478, 480, 482, 488, 505, 509, 510, 516, 517, 518, 521, 522, 523, 524, 530, 539, 540, 542, 543, 545, 556, 558, 559, 561, 570, 577, 578, 581, 582, 583, 584, 589, 590, 591, 592, 594, 595, 596, 600, 603, 605, 606, 608, 609, 610, 611, 612, 613, 614, 615, 616, 623], "summary": {"covered_lines": 264, "num_statements": 273, "percent_covered": 96.7032967032967, "percent_covered_display": "97", "missing_lines": 9, "excluded_lines": 0}, "missing_lines": [102, 104, 153, 271, 272, 585, 586, 597, 598], "excluded_lines": []}}}, "lintgate/channels/test_channel.py": {"executed_lines": [1, 14, 16, 17, 18, 19, 20, 21, 22, 23, 25, 32, 37, 38, 39, 41, 42, 43, 44, 45, 46, 47, 48, 49, 50, 53, 54, 55, 57, 58, 59, 60, 66, 67, 72, 73, 74, 76, 78, 79, 80, 81, 82, 83, 85, 87, 88, 89, 91, 92, 95, 98, 101, 102, 103, 111, 112, 114, 115, 116, 117, 119, 120, 127, 130, 138, 147, 158, 163, 164, 170, 177, 178, 179, 180, 189, 190, 192, 193, 194, 213, 215, 216, 217, 218, 219, 221, 222, 223, 224, 225, 226, 228, 229, 231, 232, 234, 236, 245, 249, 250, 258, 259, 271, 278, 285, 286, 303, 313, 314, 315, 316, 317, 318, 319, 320, 321, 322, 323, 324, 325, 328, 337, 338, 339, 340, 345, 355, 366, 367, 368, 370, 375, 376, 377, 378, 379, 380, 381, 382, 383, 384, 385, 386, 388, 399, 401, 402, 403, 404, 405, 406, 407, 408, 410, 411, 412, 413, 416, 424, 425, 426, 427, 428, 429, 430, 431, 432, 441, 444, 448, 449, 450, 451, 452, 453, 454, 460, 469, 470, 471, 473, 474, 475, 478, 479, 480, 482, 483, 484, 485, 488, 491, 500, 501, 502, 504, 506, 507, 508, 509, 513, 514, 515, 516, 517, 520, 521, 522, 529, 530, 531, 532, 533, 537, 543, 563, 564, 566, 576, 577, 578, 579, 580, 582, 583, 584, 585, 586, 587, 588, 597, 598, 605, 608, 609, 613, 615, 616, 618, 622, 623, 624, 625, 627, 628, 629, 630, 631, 633, 634, 635, 638, 640, 643, 647, 648, 650, 651, 652, 654, 655, 656, 658, 659, 660, 664, 665, 669, 670, 671, 672, 673, 681, 684, 695, 696, 697, 701, 702, 703, 704, 707, 708, 709, 711, 717, 726, 727, 728, 736, 738, 740, 747, 748, 751, 753, 754, 755, 756, 757, 758, 759, 760, 784, 785, 800, 801, 813, 814, 827, 829, 830, 831, 832, 833, 834, 835, 837, 840, 842, 843], "summary": {"covered_lines": 318, "num_statements": 324, "percent_covered": 98.14814814814815, "percent_covered_display": "98", "missing_lines": 6, "excluded_lines": 0}, "missing_lines": [209, 210, 510, 511, 534, 535], "excluded_lines": [], "functions": {"TestChannel.should_run": {"executed_lines": [78, 79, 80, 81, 82, 83], "summary": {"covered_lines": 6, "num_statements": 6, "percent_covered": 100.0, "percent_covered_display": "100", "missing_lines": 0, "excluded_lines": 0}, "missing_lines": [], "excluded_lines": []}, "TestChannel.execute": {"executed_lines": [87, 88, 89, 91, 92, 95, 98, 101, 102, 103, 111, 112, 114, 115, 116, 117, 119, 120, 127, 130, 138, 147, 158, 163, 164], "summary": {"covered_lines": 25, "num_statements": 25, "percent_covered": 100.0, "percent_covered_display": "100", "missing_lines": 0, "excluded_lines": 0}, "missing_lines": [], "excluded_lines": []}, "_check_missing_tests": {"executed_lines": [177, 178, 179, 180, 189, 190, 192, 193, 194], "summary": {"covered_lines": 9, "num_statements": 11, "percent_covered": 81.81818181818181, "percent_covered_display": "82", "missing_lines": 2, "excluded_lines": 0}, "missing_lines": [209, 210], "excluded_lines": []}, "_parse_coverage_settings": {"executed_lines": [215, 216, 217, 218, 219, 221, 222, 223, 224, 225, 226, 228, 229, 231, 232, 234, 236], "summary": {"covered_lines": 17, "num_statements": 17, "percent_covered": 100.0, "percent_covered_display": "100", "missing_lines": 0, "excluded_lines": 0}, "missing_lines": [], "excluded_lines": []}, "_collect_test_findings": {"executed_lines": [249, 250, 258, 259], "summary": {"covered_lines": 4, "num_statements": 4, "percent_covered": 100.0, "percent_covered_display": "100", "missing_lines": 0, "excluded_lines": 0}, "missing_lines": [], "excluded_lines": []}, "_check_coverage_threshold": {"executed_lines": [278, 285, 286], "summary": {"covered_lines": 3, "num_statements": 3, "percent_covered": 100.0, "percent_covered_display": "100", "missing_lines": 0, "excluded_lines": 0}, "missing_lines": [], "excluded_lines": []}, "_filter_to_source_packages": {"executed_lines": [313, 314, 315, 316, 317, 318, 319, 320, 321, 322, 323, 324, 325], "summary": {"covered_lines": 13, "num_statements": 13, "percent_covered": 100.0, "percent_covered_display": "100", "missing_lines": 0, "excluded_lines": 0}, "missing_lines": [], "excluded_lines": []}, "_run_symbol_gate_if_enabled": {"executed_lines": [337, 338, 339, 340, 345], "summary": {"covered_lines": 5, "num_statements": 5, "percent_covered": 100.0, "percent_covered_display": "100", "missing_lines": 0, "excluded_lines": 0}, "missing_lines": [], "excluded_lines": []}, "_build_channel_result": {"executed_lines": [366, 367, 368, 370, 375, 376, 377, 378, 379, 380, 381, 382, 383, 384, 385, 386, 388], "summary": {"covered_lines": 17, "num_statements": 17, "percent_covered": 100.0, "percent_covered_display": "100", "missing_lines": 0, "excluded_lines": 0}, "missing_lines": [], "excluded_lines": []}, "_discover_fallback_test_targets": {"executed_lines": [401, 402, 403, 404, 405, 406, 407, 408, 410, 411, 412, 413], "summary": {"covered_lines": 12, "num_statements": 12, "percent_covered": 100.0, "percent_covered_display": "100", "missing_lines": 0, "excluded_lines": 0}, "missing_lines": [], "excluded_lines": []}, "_select_tests_to_run": {"executed_lines": [424, 425, 426, 427, 428, 429, 430, 431, 432, 441], "summary": {"covered_lines": 10, "num_statements": 10, "percent_covered": 100.0, "percent_covered_display": "100", "missing_lines": 0, "excluded_lines": 0}, "missing_lines": [], "excluded_lines": []}, "_compute_severity": {"executed_lines": [448, 449, 450, 451, 452, 453, 454], "summary": {"covered_lines": 7, "num_statements": 7, "percent_covered": 100.0, "percent_covered_display": "100", "missing_lines": 0, "excluded_lines": 0}, "missing_lines": [], "excluded_lines": []}, "find_impacted_tests": {"executed_lines": [469, 470, 471, 473, 474, 475, 478, 479, 480, 482, 483, 484, 485, 488, 491, 500, 501, 502, 504, 506, 507, 508, 509, 513, 514, 515, 516, 517, 520, 521, 522, 529, 530, 531, 532, 533, 537], "summary": {"covered_lines": 37, "num_statements": 41, "percent_covered": 90.2439024390244, "percent_covered_display": "90", "missing_lines": 4, "exc
[...]
578, 1579, 1580, 1581, 1582, 1583], "summary": {"covered_lines": 15, "num_statements": 15, "percent_covered": 100.0, "percent_covered_display": "100", "missing_lines": 0, "excluded_lines": 0}, "missing_lines": [], "excluded_lines": []}, "_compute_bandit_ci_skips": {"executed_lines": [1602, 1604, 1605, 1606, 1607, 1609, 1610, 1611, 1612, 1614], "summary": {"covered_lines": 10, "num_statements": 10, "percent_covered": 100.0, "percent_covered_display": "100", "missing_lines": 0, "excluded_lines": 0}, "missing_lines": [], "excluded_lines": []}, "_generate_security_workflow": {"executed_lines": [1624, 1625, 1627, 1628, 1630, 1693], "summary": {"covered_lines": 6, "num_statements": 6, "percent_covered": 100.0, "percent_covered_display": "100", "missing_lines": 0, "excluded_lines": 0}, "missing_lines": [], "excluded_lines": []}, "_compute_gitignore_additions": {"executed_lines": [1698, 1699, 1700, 1702, 1703, 1704, 1705, 1706, 1707, 1708, 1713, 1714, 1715, 1716, 1717, 1718, 1719, 1721, 1723], "summary": {"covered_lines": 19, "num_statements": 21, "percent_covered": 90.47619047619048, "percent_covered_display": "90", "missing_lines": 2, "excluded_lines": 0}, "missing_lines": [1709, 1710], "excluded_lines": []}, "_generate_badge_markdown": {"executed_lines": [1733, 1734, 1735, 1737, 1762, 1763, 1764, 1765, 1770], "summary": {"covered_lines": 9, "num_statements": 9, "percent_covered": 100.0, "percent_covered_display": "100", "missing_lines": 0, "excluded_lines": 0}, "missing_lines": [], "excluded_lines": []}, "_inject_badges_into_readme": {"executed_lines": [1779, 1780, 1781, 1782, 1783, 1784, 1785, 1787, 1788, 1790, 1791, 1795, 1796, 1800, 1801, 1802, 1803, 1804, 1810, 1811, 1815, 1816, 1819, 1821, 1822, 1829, 1830, 1831, 1832, 1833, 1834, 1836, 1841, 1842, 1843, 1845, 1851, 1852, 1854, 1856], "summary": {"covered_lines": 40, "num_statements": 44, "percent_covered": 90.9090909090909, "percent_covered_display": "91", "missing_lines": 4, "excluded_lines": 0}, "missing_lines": [1792, 1793, 1818, 1838], "excluded_lines": []}, "_readme_has_quality_badges": {"executed_lines": [1861, 1862, 1863, 1864, 1865, 1866, 1867, 1869, 1872, 1873, 1877, 1885], "summary": {"covered_lines": 12, "num_statements": 21, "percent_covered": 57.142857142857146, "percent_covered_display": "57", "missing_lines": 9, "excluded_lines": 0}, "missing_lines": [1870, 1874, 1875, 1878, 1879, 1880, 1881, 1882, 1883], "excluded_lines": []}, "_generate_qlty_toml": {"executed_lines": [1897, 1898, 1901, 1915, 1916, 1917, 1918, 1919, 1921, 1922, 1923, 1926, 1927, 1928, 1929, 1940, 1948, 1949, 1950, 1951, 1952, 1953, 1954, 1955, 1956, 1958, 1987, 1988, 1989, 1990, 1992, 1993, 1998, 1999, 2000, 2001, 2002, 2003, 2004, 2007, 2008, 2009, 2014, 2015, 2016, 2017, 2018, 2021, 2022, 2023, 2024, 2025, 2026, 2028], "summary": {"covered_lines": 54, "num_statements": 55, "percent_covered": 98.18181818181819, "percent_covered_display": "98", "missing_lines": 1, "excluded_lines": 0}, "missing_lines": [1920], "excluded_lines": []}, "_normalize_qlty_exclude_pattern": {"executed_lines": [2033, 2034, 2036, 2037, 2038, 2039, 2040, 2041], "summary": {"covered_lines": 8, "num_statements": 10, "percent_covered": 80.0, "percent_covered_display": "80", "missing_lines": 2, "excluded_lines": 0}, "missing_lines": [2035, 2042], "excluded_lines": []}, "_detect_subprocess_usage": {"executed_lines": [2047, 2048, 2050, 2051, 2053, 2054, 2055, 2056, 2057, 2058, 2061], "summary": {"covered_lines": 11, "num_statements": 14, "percent_covered": 78.57142857142857, "percent_covered_display": "79", "missing_lines": 3, "excluded_lines": 0}, "missing_lines": [2052, 2059, 2060], "excluded_lines": []}, "_detect_sonar_scanner": {"executed_lines": [2066, 2067, 2068, 2069], "summary": {"covered_lines": 4, "num_statements": 5, "percent_covered": 80.0, "percent_covered_display": "80", "missing_lines": 1, "excluded_lines": 0}, "missing_lines": [2070], "excluded_lines": []}, "_run_sonar_scanner": {"executed_lines": [], "summary": {"covered_lines": 0, "num_statements": 24, "percent_covered": 0.0, "percent_covered_display": "0", "missing_lines": 24, "excluded_lines": 0}, "missing_lines": [2079, 2080, 2081, 2088, 2094, 2095, 2097, 2098, 2107, 2109, 2110, 2111, 2112, 2113, 2114, 2116, 2118, 2119, 2120, 2122, 2129, 2130, 2131, 2132], "excluded_lines": []}, "_build_quality_guidance": {"executed_lines": [2141, 2142, 2143, 2145, 2197, 2198, 2213, 2219], "summary": {"covered_lines": 8, "num_statements": 8, "percent_covered": 100.0, "percent_covered_display": "100", "missing_lines": 0, "excluded_lines": 0}, "missing_lines": [], "excluded_lines": []}, "_reset_project_state": {"executed_lines": [], "summary": {"covered_lines": 0, "num_statements": 18, "percent_covered": 0.0, "percent_covered_display": "0", "missing_lines": 18, "excluded_lines": 0}, "missing_lines": [2236, 2237, 2239, 2240, 2241, 2242, 2243, 2244, 2247, 2248, 2253, 2255, 2257, 2258, 2259, 2260, 2261, 2263], "excluded_lines": []}, "register": {"executed_lines": [2269, 2270, 2523, 2524, 2566, 2567, 2619], "summary": {"covered_lines": 7, "num_statements": 7, "percent_covered": 100.0, "percent_covered_display": "100", "missing_lines": 0, "excluded_lines": 0}, "missing_lines": [], "excluded_lines": []}, "register.getting_started": {"executed_lines": [2290, 2291, 2293, 2294, 2297, 2298, 2299, 2300, 2302, 2303, 2304, 2305, 2306, 2307, 2314, 2315, 2316, 2317, 2325, 2326, 2334, 2335, 2336, 2337, 2341, 2342, 2349, 2350, 2351, 2354, 2355, 2356, 2364, 2373, 2374, 2382, 2383, 2384, 2393, 2394, 2406, 2407, 2408, 2417, 2418, 2420, 2424, 2428, 2429, 2430, 2431, 2434, 2441, 2442, 2447, 2448, 2456, 2464, 2521], "summary": {"covered_lines": 59, "num_statements": 59, "percent_covered": 100.0, "percent_covered_display": "100", "missing_lines": 0, "excluded_lines": 0}, "missing_lines": [], "excluded_lines": []}, "register.scaffold_config": {"executed_lines": [2539, 2540, 2541, 2542, 2544, 2545, 2546, 2547, 2549, 2550, 2562, 2563, 2564], "summary": {"covered_lines": 13, "num_statements": 13, "percent_covered": 100.0, "percent_covered_display": "100", "missing_lines": 0, "excluded_lines": 0}, "missing_lines": [], "excluded_lines": []}, "register.setup_github_quality": {"executed_lines": [2608, 2612], "summary": {"covered_lines": 2, "num_statements": 2, "percent_covered": 100.0, "percent_covered_display": "100", "missing_lines": 0, "excluded_lines": 0}, "missing_lines": [], "excluded_lines": []}, "": {"executed_lines": [1, 3, 5, 6, 7, 8, 9, 10, 11, 12, 13, 14, 15, 17, 23, 30, 39, 44, 52, 60, 161, 175, 181, 232, 318, 395, 399, 440, 442, 452, 453, 455, 466, 473, 476, 479, 485, 516, 557, 569, 591, 609, 636, 666, 742, 784, 798, 815, 862, 930, 959, 1013, 1104, 1155, 1203, 1308, 1518, 1563, 1590, 1617, 1696, 1731, 1773, 1859, 1888, 2031, 2045, 2064, 2073, 2135, 2222, 2266], "summary": {"covered_lines": 71, "num_statements": 71, "percent_covered": 100.0, "percent_covered_display": "100", "missing_lines": 0, "excluded_lines": 0}, "missing_lines": [], "excluded_lines": []}}, "classes": {"": {"executed_lines": [1, 3, 5, 6, 7, 8, 9, 10, 11, 12, 13, 14, 15, 17, 23, 25, 26, 27, 30, 32, 33, 34, 35, 36, 39, 41, 44, 46, 47, 48, 49, 52, 54, 55, 56, 60, 62, 63, 66, 67, 68, 83, 93, 94, 102, 103, 104, 121, 130, 131, 132, 149, 161, 163, 164, 167, 168, 169, 170, 171, 172, 175, 177, 178, 181, 183, 184, 186, 187, 189, 190, 191, 192, 193, 194, 203, 204, 206, 207, 208, 209, 210, 211, 212, 213, 226, 232, 237, 238, 239, 240, 241, 244, 245, 256, 257, 258, 259, 260, 277, 283, 284, 285, 295, 296, 298, 299, 315, 318, 320, 321, 322, 323, 326, 328, 335, 336, 337, 338, 339, 340, 346, 353, 354, 355, 356, 357, 358, 364, 371, 372, 373, 374, 375, 376, 377, 378, 379, 380, 381, 382, 383, 384, 385, 386, 388, 395, 399, 440, 442, 452, 453, 455, 466, 473, 476, 479, 485, 487, 488, 498, 499, 502, 503, 504, 505, 506, 509, 510, 513, 516, 523, 524, 525, 526, 527, 528, 529, 530, 531, 532, 533, 534, 536, 537, 538, 539, 540, 541, 543, 544, 545, 546, 547, 549, 551, 554, 557, 559, 560, 561, 562, 563, 564, 565, 566, 569, 571, 572, 573, 574, 575, 576, 577, 578, 579, 580, 581, 582, 583, 584, 585, 586, 587, 588, 591, 609, 617, 618, 619, 620, 621, 622, 623, 624, 625, 626, 627, 628, 629, 630, 631, 632, 633, 636, 638, 640, 642, 643, 645, 646, 648, 650, 651, 652, 653, 655, 666, 668, 670, 671, 672, 673, 674, 675, 677, 736, 737, 739, 742, 744, 745, 747, 749, 750, 751, 753, 755, 756, 757, 762, 781, 784, 786, 795, 798, 800, 812, 815, 821, 859, 862, 870, 873, 874, 875, 881, 882, 884, 885, 890, 927, 930, 935, 956, 959, 965, 966, 968, 1010, 1013, 1024, 1101, 1104, 1116, 1118, 1120, 1121, 1122, 1123, 1124, 1125, 1127, 1128, 1130, 1131, 1132, 1133, 1134, 1135, 1136, 1137, 1138, 1140, 1141, 1142, 1143, 1144, 1145, 1146, 1147, 1149, 1150, 1152, 1155, 1157, 1158, 1159, 1160, 1165, 1166, 1167, 1169, 1171, 1172, 1173, 1174, 1176, 1177, 1178, 1180, 1182, 1183, 1185, 1186, 1193, 1194, 1195, 1200, 1203, 1211, 1212, 1214, 1305, 1308, 1314, 1315, 1317, 1515, 1518, 1524, 1560, 1563, 1568, 1569, 1570, 1571, 1572, 1574, 1575, 1576, 1577, 1578, 1579, 1580, 1581, 1582, 1583, 1590, 1602, 1604, 1605, 1606, 1607, 1609, 1610, 1611, 1612, 1614, 1617, 1624, 1625, 1627, 1628, 1630, 1693, 1696, 1698, 1699, 1700, 1702, 1703, 1704, 1705, 1706, 1707, 1708, 1713, 1714, 1715, 1716, 1717, 1718, 1719, 1721, 1723, 1731, 1733, 1734, 1735, 1737, 1762, 1763, 1764, 1765, 1770, 1773, 1779, 1780, 1781, 1782, 1783, 1784, 1785, 1787, 1788, 1790, 1791, 1795, 1796, 1800, 1801, 1802, 1803, 1804, 1810, 1811, 1815, 1816, 1819, 1821, 1822, 1829, 1830, 1831, 1832, 1833, 1834, 1836, 1841, 1842, 1843, 1845, 1851, 1852, 1854, 1856, 1859, 1861, 1862, 1863, 1864, 1865, 1866, 1867, 1869, 1872, 1873, 1877, 1885, 1888, 1897, 1898, 1901, 1915, 1916, 1917, 1918, 1919, 1921, 1922, 1923, 1926, 1927, 1928, 1929, 1940, 1948, 1949, 1950, 1951, 1952, 1953, 1954, 1955, 1956, 1958, 1987, 1988, 1989, 1990, 1992, 1993, 1998, 1999, 2000, 2001, 2002, 2003, 2004, 2007, 2008, 2009, 2014, 2015, 2016, 2017, 2018, 2021, 2022, 2023, 2024, 2025, 2026, 2028, 2031, 2033, 2034, 2036, 2037, 2038, 2039, 2040, 2041, 2045, 2047, 2048, 2050, 2051, 2053, 2054, 2055, 2056, 2057, 2058, 2061, 2064, 2066, 2067, 2068, 2069, 2073, 2135, 2141, 2142, 2143, 2145, 2197, 2198, 2213, 2219, 2222, 2266, 2269, 2270, 2290, 2291, 2293, 2294, 2297, 2298, 2299, 2300, 2302, 2303, 2304, 2305, 2306, 2307, 2314, 2315, 2316, 2317, 2325, 2326, 2334, 2335, 2336, 2337, 2341, 2342, 2349, 2350, 2351, 2354, 2355, 2356, 2364, 2373, 2374, 2382, 2383, 2384, 2393, 2394, 2406, 2407, 2408, 2417, 2418, 2420, 2424, 2428, 2429, 2430, 2431, 2434, 2441, 2442, 2447, 2448, 2456, 2464, 2521, 2523, 2524, 2539, 2540, 2541, 2542, 2544, 2545, 2546, 2547, 2549, 2550, 2562, 2563, 2564, 2566, 2567, 2608, 2612, 2619], "summary": {"covered_lines": 673, "num_statements": 780, "percent_covered": 86.28205128205128, "percent_covered_display": "86", "missing_lines": 107, "excluded_lines": 0}, "missing_lines": [57, 64, 75, 76, 84, 95, 111, 112, 122, 139, 140, 165, 242, 246, 254, 267, 268, 275, 301, 302, 341, 342, 343, 344, 347, 348, 349, 350, 359, 360, 361, 362, 365, 366, 367, 368, 495, 496, 511, 1168, 1196, 1197, 1198, 1709, 1710, 1792, 1793, 1818, 1838, 1870, 1874, 1875, 1878, 1879, 1880, 1881, 1882, 1883, 1920, 2035, 2042, 2052, 2059, 2060, 2070, 2079, 2080, 2081, 2088, 2094, 2095, 2097, 2098, 2107, 2109, 2110, 2111, 2112, 2113, 2114, 2116, 2118, 2119, 2120, 2122, 2129, 2130, 2131, 2132, 2236, 2237, 2239, 2240, 2241, 2242, 2243, 2244, 2247, 2248, 2253, 2255, 2257, 2258, 2259, 2260, 2261, 2263], "excluded_lines": []}}}, "mcp_tools/setup_github_quality.py": {"executed_lines": [1, 9, 11, 12, 13, 14, 16, 45, 59, 60, 62, 64, 65, 68, 71, 72, 73, 74, 76, 77, 78, 79, 80, 81, 83, 84, 87, 88, 89, 90, 92, 93, 94, 95, 96, 97, 99, 100, 103, 104, 105, 106, 108, 109, 110, 111, 112, 113, 115, 116, 119, 120, 121, 122, 124, 125, 126, 127, 128, 129, 131, 132, 135, 136, 137, 138, 140, 141, 142, 143, 144, 145, 146, 148, 149, 152, 153, 154, 155, 157, 158, 159, 160, 161, 162, 163, 165, 166, 169, 170, 171, 172, 174, 175, 176, 177, 178, 179, 180, 182, 183, 186, 187, 188, 193, 195, 196, 197, 198, 199, 200, 201, 203, 204, 207, 208, 209, 211, 219, 220, 221, 222, 230, 231, 232, 233, 241, 242, 243, 244, 246, 248, 249, 250, 251, 252, 254, 255, 258, 261, 262, 263, 264, 265, 273, 274, 275, 276, 277, 278, 279, 280, 281, 283, 284, 286, 287, 288, 289, 290, 291, 292, 293, 296, 297, 303, 304, 305, 306, 307, 308, 309, 310, 311, 312, 313, 314, 316, 317, 320, 321, 322, 323, 324, 325, 326, 331, 332, 335, 336, 338, 339, 340, 356, 357, 365, 368, 369, 370, 372, 373, 374, 375, 376, 377, 378, 379, 380, 381, 382, 383, 384, 385, 386, 387, 388, 389, 390, 391, 392, 393, 394, 395, 396, 397, 398, 399, 400, 401, 402, 403, 404, 405, 406, 408, 409, 420, 421, 422, 431, 441, 467, 476, 477, 486, 511], "summary": {"covered_lines": 245, "num_statements": 249, "percent_covered": 98.39357429718875, "percent_covered_display": "98", "missing_lines": 4, "excluded_lines": 0}, "missing_lines": [345, 346, 351, 478], "excluded_lines": [], "functions": {"setup_github_quality": {"executed_lines": [59, 60, 62, 64, 65, 68, 71, 72, 73, 74, 76, 77, 78, 79, 80, 81, 83, 84, 87, 88, 89, 90, 92, 93, 94, 95, 96, 97, 99, 100, 103, 104, 105, 106, 108, 109, 110, 111, 112, 113, 115, 116, 119, 120, 121, 122, 124, 125, 126, 127, 128, 129, 131, 132, 135, 136, 137, 138, 140, 141, 142, 143, 144, 145, 146, 148, 149, 152, 153, 154, 155, 157, 158, 159, 160, 161, 162, 163, 165, 166, 169, 170, 171, 172, 174, 175, 176, 177, 178, 179, 180, 182, 183, 186, 187, 188, 193, 195, 196, 197, 198, 199, 200, 201, 203, 204, 207, 208, 209, 211, 219, 220, 221, 222, 230, 231, 232, 233, 241, 242, 243, 244, 246, 248, 249, 250, 251, 252, 254, 255, 258, 261, 262, 263, 264, 265, 273, 274, 275, 276, 277, 278, 279, 280, 281, 283, 284, 286, 287, 288, 289, 290, 291, 292, 293, 296, 297, 303, 304, 305, 306, 307, 308, 309, 310, 311, 312, 313, 314, 316, 317, 320, 321, 322, 323, 324, 325, 326, 331, 332, 335, 336, 338, 339, 340, 356, 357, 365, 368, 369, 370, 372, 373, 374, 375, 376, 377, 378, 379, 380, 381, 382, 383, 384, 385, 386, 387, 388, 389, 390, 391, 392, 393, 394, 395, 396, 397, 398, 399, 400, 401, 402, 403, 404, 405, 406, 408, 409, 420, 421, 422, 431, 441, 467, 476, 477, 486, 511], "summary": {"covered_lines": 238, "num_statements": 242, "percent_covered": 98.34710743801652, "percent_covered_display": "98", "missing_lines": 4, "excluded_lines": 0}, "missing_lines": [345, 346, 351, 478], "excluded_lines": []}, "": {"executed_lines": [1, 9, 11, 12, 13, 14, 16, 45], "summary": {"covered_lines": 7, "num_statements": 7, "percent_covered": 100.0, "percent_covered_display": "100", "missing_lines": 0, "excluded_lines": 0}, "missing_lines": [], "excluded_lines": []}}, "classes": {"": {"executed_lines": [1, 9, 11, 12, 13, 14, 16, 45, 59, 60, 62, 64, 65, 68, 71, 72, 73, 74, 76, 77, 78, 79, 80, 81, 83, 84, 87, 88, 89, 90, 92, 93, 94, 95, 96, 97, 99, 100, 103, 104, 105, 106, 108, 109, 110, 111, 112, 113, 115, 116, 119, 120, 121, 122, 124, 125, 126, 127, 128, 129, 131, 132, 135, 136, 137, 138, 140, 141, 142, 143, 144, 145, 146, 148, 149, 152, 153, 154, 155, 157, 158, 159, 160, 161, 162, 163, 165, 166, 169, 170, 171, 172, 174, 175, 176, 177, 178, 179, 180, 182, 183, 186, 187, 188, 193, 195, 196, 197, 198, 199, 200, 201, 203, 204, 207, 208, 209, 211, 219, 220, 221, 222, 230, 231, 232, 233, 241, 242, 243, 244, 246, 248, 249, 250, 251, 252, 254, 255, 258, 261, 262, 263, 264, 265, 273, 274, 275, 276, 277, 278, 279, 280, 281, 283, 284, 286, 287, 288, 289, 290, 291, 292, 293, 296, 297, 303, 304, 305, 306, 307, 308, 309, 310, 311, 312, 313, 314, 316, 317, 320, 321, 322, 323, 324, 325, 326, 331, 332, 335, 336, 338, 339, 340, 356, 357, 365, 368, 369, 370, 372, 373, 374, 375, 376, 377, 378, 379, 380, 381, 382, 383, 384, 385, 386, 387, 388, 389, 390, 391, 392, 393, 394, 395, 396, 397, 398, 399, 400, 401, 402, 403, 404, 405, 406, 408, 409, 420, 421, 422, 431, 441, 467, 476, 477, 486, 511], "summary": {"covered_lines": 245, "num_statements": 249, "percent_covered": 98.39357429718875, "percent_covered_display": "98", "missing_lines": 4, "excluded_lines": 0}, "missing_lines": [345, 346, 351, 478], "excluded_lines": []}}}, "mcp_tools/telemetry_tools.py": {"executed_lines": [1, 3, 5, 8, 11, 12, 26, 28, 30, 31, 34, 35, 37, 38, 39, 42, 43, 45, 46, 47, 49, 51], "summary": {"covered_lines": 21, "num_statements": 21, "percent_covered": 100.0, "percent_covered_display": "100", "missing_lines": 0, "excluded_lines": 0}, "missing_lines": [], "excluded_lines": [], "functions": {"register": {"executed_lines": [11, 12, 51], "summary": {"covered_lines": 3, "num_statements": 3, "percent_covered": 100.0, "percent_covered_display": "100", "missing_lines": 0, "excluded_lines": 0}, "missing_lines": [], "excluded_lines": []}, "register.telemetry_summary": {"executed_lines": [26, 28, 30, 31, 34, 35, 37, 38, 39, 42, 43, 45, 46, 47, 49], "summary": {"covered_lines": 15, "num_statements": 15, "percent_covered": 100.0, "percent_covered_display": "100", "missing_lines": 0, "excluded_lines": 0}, "missing_lines": [], "excluded_lines": []}, "": {"executed_lines": [1, 3, 5, 8], "summary": {"covered_lines": 3, "num_statements": 3, "percent_covered": 100.0, "percent_covered_display": "100", "missing_lines": 0, "excluded_lines": 0}, "missing_lines": [], "excluded_lines": []}}, "classes": {"": {"executed_lines": [1, 3, 5, 8, 11, 12, 26, 28, 30, 31, 34, 35, 37, 38, 39, 42, 43, 45, 46, 47, 49, 51], "summary": {"covered_lines": 21, "num_statements": 21, "percent_covered": 100.0, "percent_covered_display": "100", "missing_lines": 0, "excluded_lines": 0}, "missing_lines": [], "excluded_lines": []}}}, "/private/var/folders/pf/h3szfpt17_nc2vbq9mmd__pc0000gp/T/pytest-of-rohanvinaik/pytest-1161/test_setup_handles_repo_path_w0/root-with-'quote/repo/lintgate/__init__.py": {"executed_lines": [0], "summary": {"covered_lines": 0, "num_statements": 0, "percent_covered": 100.0, "percent_covered_display": "100", "missing_lines": 0, "excluded_lines": 0}, "missing_lines": [], "excluded_lines": [], "functions": {"": {"executed_lines": [], "summary": {"covered_lines": 0, "num_statements": 0, "percent_covered": 100.0, "percent_covered_display": "100", "missing_lines": 0, "excluded_lines": 0}, "missing_lines": [], "excluded_lines": []}}, "classes": {"": {"executed_lines": [], "summary": {"covered_lines": 0, "num_statements": 0, "percent_covered": 100.0, "percent_covered_display": "100", "missing_lines": 0, "excluded_lines": 0}, "missing_lines": [], "excluded_lines": []}}}, "/private/var/folders/pf/h3szfpt17_nc2vbq9mmd__pc0000gp/T/pytest-of-rohanvinaik/pytest-1161/test_setup_handles_repo_path_w0/root-with-'quote/repo/lintgate/context_bootstrap.py": {"executed_lines": [1, 3, 4, 10, 11, 12, 13, 14, 15, 16, 17, 18, 19], "summary": {"covered_lines": 13, "num_statements": 13, "percent_covered": 100.0, "percent_covered_display": "100", "missing_lines": 0, "excluded_lines": 0}, "missing_lines": [], "excluded_lines": [], "functions": {"bootstrap_context_files": {"executed_lines": [4, 10, 11, 12, 13, 14, 15, 16, 17, 18, 19], "summary": {"covered_lines": 11, "num_statements": 11, "percent_covered": 100.0, "percent_covered_display": "100", "missing_lines": 0, "excluded_lines": 0}, "missing_lines": [], "excluded_lines": []}, "": {"executed_lines": [1, 3], "summary": {"covered_lines": 2, "num_statements": 2, "percent_covered": 100.0, "percent_covered_display": "100", "missing_lines": 0, "excluded_lines": 0}, "missing_lines": [], "excluded_lines": []}}, "classes": {"": {"executed_lines": [1, 3, 4, 10, 11, 12, 13, 14, 15, 16, 17, 18, 19], "summary": {"covered_lines": 13, "num_statements": 13, "percent_covered": 100.0, "percent_covered_display": "100", "missing_lines": 0, "excluded_lines": 0}, "missing_lines": [], "excluded_lines": []}}}}, "totals": {"covered_lines": 15800, "num_statements": 17275, "percent_covered": 91.4616497829233, "percent_covered_display": "91", "missing_lines": 1475, "excluded_lines": 4}}